{"C:\\Users\\guru6\\OneDrive\\Desktop\\VoteMithra-Intelligent-Election-Assistant\\src\\components\\Chatbot.jsx": {"path":"C:\\Users\\guru6\\OneDrive\\Desktop\\VoteMithra-Intelligent-Election-Assistant\\src\\components\\Chatbot.jsx","statementMap":{"0":{"start":{"line":12,"column":6},"end":{"line":218,"column":null}},"1":{"start":{"line":13,"column":13},"end":{"line":13,"column":38}},"2":{"start":{"line":14,"column":17},"end":{"line":14,"column":45}},"3":{"start":{"line":15,"column":16},"end":{"line":15,"column":40}},"4":{"start":{"line":16,"column":19},"end":{"line":18,"column":4}},"5":{"start":{"line":19,"column":19},"end":{"line":19,"column":49}},"6":{"start":{"line":20,"column":8},"end":{"line":20,"column":32}},"7":{"start":{"line":23,"column":23},"end":{"line":28,"column":null}},"8":{"start":{"line":33,"column":8},"end":{"line":42,"column":null}},"9":{"start":{"line":34,"column":18},"end":{"line":41,"column":null}},"10":{"start":{"line":42,"column":4},"end":{"line":42,"column":null}},"11":{"start":{"line":48,"column":23},"end":{"line":54,"column":null}},"12":{"start":{"line":57,"column":2},"end":{"line":61,"column":null}},"13":{"start":{"line":58,"column":10},"end":{"line":58,"column":44}},"14":{"start":{"line":58,"column":29},"end":{"line":58,"column":44}},"15":{"start":{"line":59,"column":4},"end":{"line":59,"column":null}},"16":{"start":{"line":60,"column":4},"end":{"line":60,"column":null}},"17":{"start":{"line":60,"column":17},"end":{"line":60,"column":71}},"18":{"start":{"line":64,"column":2},"end":{"line":68,"column":null}},"19":{"start":{"line":65,"column":4},"end":{"line":66,"column":null}},"20":{"start":{"line":66,"column":6},"end":{"line":66,"column":null}},"21":{"start":{"line":71,"column":2},"end":{"line":75,"column":null}},"22":{"start":{"line":72,"column":4},"end":{"line":73,"column":null}},"23":{"start":{"line":73,"column":6},"end":{"line":73,"column":null}},"24":{"start":{"line":81,"column":21},"end":{"line":115,"column":null}},"25":{"start":{"line":82,"column":21},"end":{"line":82,"column":41}},"26":{"start":{"line":83,"column":4},"end":{"line":83,"column":null}},"27":{"start":{"line":83,"column":31},"end":{"line":83,"column":null}},"28":{"start":{"line":86,"column":10},"end":{"line":86,"column":43}},"29":{"start":{"line":87,"column":24},"end":{"line":87,"column":83}},"30":{"start":{"line":89,"column":4},"end":{"line":89,"column":null}},"31":{"start":{"line":90,"column":4},"end":{"line":90,"column":null}},"32":{"start":{"line":91,"column":4},"end":{"line":91,"column":null}},"33":{"start":{"line":94,"column":4},"end":{"line":94,"column":null}},"34":{"start":{"line":96,"column":4},"end":{"line":115,"column":null}},"35":{"start":{"line":98,"column":27},"end":{"line":98,"column":92}},"36":{"start":{"line":99,"column":30},"end":{"line":99,"column":98}},"37":{"start":{"line":100,"column":6},"end":{"line":100,"column":null}},"38":{"start":{"line":103,"column":6},"end":{"line":109,"column":null}},"39":{"start":{"line":104,"column":8},"end":{"line":109,"column":null}},"40":{"start":{"line":112,"column":6},"end":{"line":112,"column":null}},"41":{"start":{"line":113,"column":6},"end":{"line":113,"column":null}},"42":{"start":{"line":115,"column":6},"end":{"line":115,"column":null}},"43":{"start":{"line":119,"column":2},"end":{"line":218,"column":null}},"44":{"start":{"line":124,"column":23},"end":{"line":124,"column":41}},"45":{"start":{"line":148,"column":33},"end":{"line":148,"column":49}},"46":{"start":{"line":160,"column":12},"end":{"line":168,"column":null}},"47":{"start":{"line":187,"column":16},"end":{"line":194,"column":null}},"48":{"start":{"line":191,"column":33},"end":{"line":191,"column":49}},"49":{"start":{"line":205,"column":31},"end":{"line":205,"column":55}},"50":{"start":{"line":206,"column":32},"end":{"line":206,"column":null}},"51":{"start":{"line":210,"column":29},"end":{"line":210,"column":41}}},"fnMap":{"0":{"name":"(anonymous_0)","decl":{"start":{"line":12,"column":6},"end":{"line":12,"column":22}},"loc":{"start":{"line":12,"column":22},"end":{"line":218,"column":null}},"line":12},"1":{"name":"(anonymous_1)","decl":{"start":{"line":33,"column":8},"end":{"line":33,"column":27}},"loc":{"start":{"line":33,"column":36},"end":{"line":42,"column":null}},"line":33},"2":{"name":"(anonymous_2)","decl":{"start":{"line":57,"column":2},"end":{"line":57,"column":18}},"loc":{"start":{"line":57,"column":18},"end":{"line":61,"column":7}},"line":57},"3":{"name":"(anonymous_3)","decl":{"start":{"line":58,"column":10},"end":{"line":58,"column":29}},"loc":{"start":{"line":58,"column":29},"end":{"line":58,"column":44}},"line":58},"4":{"name":"(anonymous_4)","decl":{"start":{"line":60,"column":4},"end":{"line":60,"column":17}},"loc":{"start":{"line":60,"column":17},"end":{"line":60,"column":71}},"line":60},"5":{"name":"(anonymous_5)","decl":{"start":{"line":64,"column":2},"end":{"line":64,"column":18}},"loc":{"start":{"line":64,"column":18},"end":{"line":68,"column":6}},"line":64},"6":{"name":"(anonymous_6)","decl":{"start":{"line":71,"column":2},"end":{"line":71,"column":18}},"loc":{"start":{"line":71,"column":18},"end":{"line":75,"column":6}},"line":71},"7":{"name":"(anonymous_7)","decl":{"start":{"line":81,"column":21},"end":{"line":81,"column":28}},"loc":{"start":{"line":81,"column":44},"end":{"line":115,"column":null}},"line":81},"8":{"name":"(anonymous_8)","decl":{"start":{"line":124,"column":8},"end":{"line":124,"column":23}},"loc":{"start":{"line":124,"column":23},"end":{"line":124,"column":41}},"line":124},"9":{"name":"(anonymous_9)","decl":{"start":{"line":148,"column":18},"end":{"line":148,"column":33}},"loc":{"start":{"line":148,"column":33},"end":{"line":148,"column":49}},"line":148},"10":{"name":"(anonymous_10)","decl":{"start":{"line":159,"column":20},"end":{"line":159,"column":25}},"loc":{"start":{"line":160,"column":12},"end":{"line":168,"column":null}},"line":160},"11":{"name":"(anonymous_11)","decl":{"start":{"line":186,"column":28},"end":{"line":186,"column":32}},"loc":{"start":{"line":187,"column":16},"end":{"line":194,"column":null}},"line":187},"12":{"name":"(anonymous_12)","decl":{"start":{"line":191,"column":18},"end":{"line":191,"column":33}},"loc":{"start":{"line":191,"column":33},"end":{"line":191,"column":49}},"line":191},"13":{"name":"(anonymous_13)","decl":{"start":{"line":205,"column":14},"end":{"line":205,"column":25}},"loc":{"start":{"line":205,"column":31},"end":{"line":205,"column":55}},"line":205},"14":{"name":"(anonymous_14)","decl":{"start":{"line":206,"column":14},"end":{"line":206,"column":26}},"loc":{"start":{"line":206,"column":32},"end":{"line":206,"column":null}},"line":206},"15":{"name":"(anonymous_15)","decl":{"start":{"line":210,"column":14},"end":{"line":210,"column":29}},"loc":{"start":{"line":210,"column":29},"end":{"line":210,"column":41}},"line":210}},"branchMap":{"0":{"loc":{"start":{"line":42,"column":11},"end":{"line":42,"column":null}},"type":"binary-expr","locations":[{"start":{"line":42,"column":11},"end":{"line":42,"column":26}},{"start":{"line":42,"column":26},"end":{"line":42,"column":null}}],"line":42},"1":{"loc":{"start":{"line":65,"column":4},"end":{"line":66,"column":null}},"type":"if","locations":[{"start":{"line":65,"column":4},"end":{"line":66,"column":null}},{"start":{},"end":{}}],"line":65},"2":{"loc":{"start":{"line":65,"column":8},"end":{"line":65,"column":63}},"type":"binary-expr","locations":[{"start":{"line":65,"column":8},"end":{"line":65,"column":33}},{"start":{"line":65,"column":33},"end":{"line":65,"column":63}}],"line":65},"3":{"loc":{"start":{"line":72,"column":4},"end":{"line":73,"column":null}},"type":"if","locations":[{"start":{"line":72,"column":4},"end":{"line":73,"column":null}},{"start":{},"end":{}}],"line":72},"4":{"loc":{"start":{"line":81,"column":28},"end":{"line":81,"column":44}},"type":"default-arg","locations":[{"start":{"line":81,"column":35},"end":{"line":81,"column":44}}],"line":81},"5":{"loc":{"start":{"line":82,"column":21},"end":{"line":82,"column":41}},"type":"binary-expr","locations":[{"start":{"line":82,"column":21},"end":{"line":82,"column":29}},{"start":{"line":82,"column":29},"end":{"line":82,"column":41}}],"line":82},"6":{"loc":{"start":{"line":83,"column":4},"end":{"line":83,"column":null}},"type":"if","locations":[{"start":{"line":83,"column":4},"end":{"line":83,"column":null}},{"start":{},"end":{}}],"line":83},"7":{"loc":{"start":{"line":83,"column":8},"end":{"line":83,"column":31}},"type":"binary-expr","locations":[{"start":{"line":83,"column":8},"end":{"line":83,"column":21}},{"start":{"line":83,"column":21},"end":{"line":83,"column":31}}],"line":83},"8":{"loc":{"start":{"line":103,"column":6},"end":{"line":109,"column":null}},"type":"if","locations":[{"start":{"line":103,"column":6},"end":{"line":109,"column":null}},{"start":{},"end":{}}],"line":103},"9":{"loc":{"start":{"line":113,"column":68},"end":{"line":113,"column":146}},"type":"binary-expr","locations":[{"start":{"line":113,"column":68},"end":{"line":113,"column":94}},{"start":{"line":113,"column":98},"end":{"line":113,"column":146}}],"line":113},"10":{"loc":{"start":{"line":125,"column":20},"end":{"line":125,"column":null}},"type":"cond-expr","locations":[{"start":{"line":125,"column":29},"end":{"line":125,"column":47}},{"start":{"line":125,"column":47},"end":{"line":125,"column":null}}],"line":125},"11":{"loc":{"start":{"line":127,"column":51},"end":{"line":127,"column":89}},"type":"cond-expr","locations":[{"start":{"line":127,"column":60},"end":{"line":127,"column":70}},{"start":{"line":127,"column":70},"end":{"line":127,"column":89}}],"line":127},"12":{"loc":{"start":{"line":134,"column":10},"end":{"line":134,"column":null}},"type":"cond-expr","locations":[{"start":{"line":134,"column":19},"end":{"line":134,"column":35}},{"start":{"line":134,"column":35},"end":{"line":134,"column":null}}],"line":134},"13":{"loc":{"start":{"line":160,"column":44},"end":{"line":160,"column":null}},"type":"cond-expr","locations":[{"start":{"line":160,"column":64},"end":{"line":160,"column":80}},{"start":{"line":160,"column":80},"end":{"line":160,"column":null}}],"line":160},"14":{"loc":{"start":{"line":162,"column":16},"end":{"line":164,"column":null}},"type":"cond-expr","locations":[{"start":{"line":163,"column":18},"end":{"line":163,"column":null}},{"start":{"line":164,"column":18},"end":{"line":164,"column":null}}],"line":162},"15":{"loc":{"start":{"line":170,"column":11},"end":{"line":177,"column":null}},"type":"binary-expr","locations":[{"start":{"line":170,"column":11},"end":{"line":170,"column":null}},{"start":{"line":171,"column":12},"end":{"line":177,"column":null}}],"line":170},"16":{"loc":{"start":{"line":184,"column":11},"end":{"line":198,"column":11}},"type":"binary-expr","locations":[{"start":{"line":184,"column":11},"end":{"line":184,"column":36}},{"start":{"line":184,"column":36},"end":{"line":184,"column":null}},{"start":{"line":185,"column":12},"end":{"line":198,"column":11}}],"line":184},"17":{"loc":{"start":{"line":206,"column":32},"end":{"line":206,"column":null}},"type":"binary-expr","locations":[{"start":{"line":206,"column":32},"end":{"line":206,"column":53}},{"start":{"line":206,"column":53},"end":{"line":206,"column":null}}],"line":206}},"s":{"0":1,"1":72,"2":72,"3":72,"4":72,"5":72,"6":72,"7":72,"8":72,"9":288,"10":288,"11":72,"12":72,"13":9,"14":1,"15":9,"16":9,"17":9,"18":72,"19":9,"20":9,"21":72,"22":26,"23":26,"24":72,"25":5,"26":5,"27":1,"28":4,"29":4,"30":4,"31":4,"32":4,"33":4,"34":4,"35":4,"36":3,"37":3,"38":3,"39":0,"40":1,"41":1,"42":4,"43":72,"44":7,"45":1,"46":84,"47":256,"48":1,"49":37,"50":39,"51":2},"f":{"0":72,"1":288,"2":9,"3":1,"4":9,"5":9,"6":26,"7":5,"8":7,"9":1,"10":84,"11":256,"12":1,"13":37,"14":39,"15":2},"b":{"0":[288,0],"1":[9,0],"2":[9,9],"3":[26,0],"4":[5],"5":[5,4],"6":[1,4],"7":[5,4],"8":[0,3],"9":[1,0],"10":[53,19],"11":[53,19],"12":[53,19],"13":[8,76],"14":[8,76],"15":[72,4],"16":[72,64,64],"17":[39,2]},"meta":{"lastBranch":18,"lastFunction":16,"lastStatement":52,"seen":{"s:12:6:218:Infinity":0,"f:12:6:12:22":0,"s:13:13:13:38":1,"s:14:17:14:45":2,"s:15:16:15:40":3,"s:16:19:18:4":4,"s:19:19:19:49":5,"s:20:8:20:32":6,"s:23:23:28:Infinity":7,"s:33:8:42:Infinity":8,"f:33:8:33:27":1,"s:34:18:41:Infinity":9,"s:42:4:42:Infinity":10,"b:42:11:42:26:42:26:42:Infinity":0,"s:48:23:54:Infinity":11,"s:57:2:61:Infinity":12,"f:57:2:57:18":2,"s:58:10:58:44":13,"f:58:10:58:29":3,"s:58:29:58:44":14,"s:59:4:59:Infinity":15,"s:60:4:60:Infinity":16,"f:60:4:60:17":4,"s:60:17:60:71":17,"s:64:2:68:Infinity":18,"f:64:2:64:18":5,"b:65:4:66:Infinity:undefined:undefined:undefined:undefined":1,"s:65:4:66:Infinity":19,"b:65:8:65:33:65:33:65:63":2,"s:66:6:66:Infinity":20,"s:71:2:75:Infinity":21,"f:71:2:71:18":6,"b:72:4:73:Infinity:undefined:undefined:undefined:undefined":3,"s:72:4:73:Infinity":22,"s:73:6:73:Infinity":23,"s:81:21:115:Infinity":24,"f:81:21:81:28":7,"b:81:35:81:44":4,"s:82:21:82:41":25,"b:82:21:82:29:82:29:82:41":5,"b:83:4:83:Infinity:undefined:undefined:undefined:undefined":6,"s:83:4:83:Infinity":26,"b:83:8:83:21:83:21:83:31":7,"s:83:31:83:Infinity":27,"s:86:10:86:43":28,"s:87:24:87:83":29,"s:89:4:89:Infinity":30,"s:90:4:90:Infinity":31,"s:91:4:91:Infinity":32,"s:94:4:94:Infinity":33,"s:96:4:115:Infinity":34,"s:98:27:98:92":35,"s:99:30:99:98":36,"s:100:6:100:Infinity":37,"b:103:6:109:Infinity:undefined:undefined:undefined:undefined":8,"s:103:6:109:Infinity":38,"s:104:8:109:Infinity":39,"s:112:6:112:Infinity":40,"s:113:6:113:Infinity":41,"b:113:68:113:94:113:98:113:146":9,"s:115:6:115:Infinity":42,"s:119:2:218:Infinity":43,"f:124:8:124:23":8,"s:124:23:124:41":44,"b:125:29:125:47:125:47:125:Infinity":10,"b:127:60:127:70:127:70:127:89":11,"b:134:19:134:35:134:35:134:Infinity":12,"f:148:18:148:33":9,"s:148:33:148:49":45,"f:159:20:159:25":10,"s:160:12:168:Infinity":46,"b:160:64:160:80:160:80:160:Infinity":13,"b:163:18:163:Infinity:164:18:164:Infinity":14,"b:170:11:170:Infinity:171:12:177:Infinity":15,"b:184:11:184:36:184:36:184:Infinity:185:12:198:11":16,"f:186:28:186:32":11,"s:187:16:194:Infinity":47,"f:191:18:191:33":12,"s:191:33:191:49":48,"f:205:14:205:25":13,"s:205:31:205:55":49,"f:206:14:206:26":14,"s:206:32:206:Infinity":50,"b:206:32:206:53:206:53:206:Infinity":17,"f:210:14:210:29":15,"s:210:29:210:41":51}}}
,"C:\\Users\\guru6\\OneDrive\\Desktop\\VoteMithra-Intelligent-Election-Assistant\\src\\components\\LanguageSwitcher.jsx": {"path":"C:\\Users\\guru6\\OneDrive\\Desktop\\VoteMithra-Intelligent-Election-Assistant\\src\\components\\LanguageSwitcher.jsx","statementMap":{"0":{"start":{"line":4,"column":6},"end":{"line":40,"column":null}},"1":{"start":{"line":5,"column":10},"end":{"line":5,"column":35}},"2":{"start":{"line":7,"column":20},"end":{"line":14,"column":null}},"3":{"start":{"line":16,"column":8},"end":{"line":21,"column":null}},"4":{"start":{"line":17,"column":17},"end":{"line":17,"column":null}},"5":{"start":{"line":18,"column":20},"end":{"line":18,"column":null}},"6":{"start":{"line":19,"column":4},"end":{"line":19,"column":null}},"7":{"start":{"line":20,"column":4},"end":{"line":20,"column":null}},"8":{"start":{"line":21,"column":4},"end":{"line":21,"column":null}},"9":{"start":{"line":24,"column":2},"end":{"line":40,"column":null}},"10":{"start":{"line":34,"column":12},"end":{"line":36,"column":null}}},"fnMap":{"0":{"name":"(anonymous_0)","decl":{"start":{"line":4,"column":6},"end":{"line":4,"column":31}},"loc":{"start":{"line":4,"column":31},"end":{"line":40,"column":null}},"line":4},"1":{"name":"(anonymous_1)","decl":{"start":{"line":16,"column":8},"end":{"line":16,"column":26}},"loc":{"start":{"line":16,"column":32},"end":{"line":21,"column":null}},"line":16},"2":{"name":"(anonymous_2)","decl":{"start":{"line":33,"column":21},"end":{"line":33,"column":26}},"loc":{"start":{"line":34,"column":12},"end":{"line":36,"column":null}},"line":34}},"branchMap":{},"s":{"0":1,"1":4,"2":4,"3":4,"4":1,"5":1,"6":1,"7":1,"8":1,"9":4,"10":24},"f":{"0":4,"1":1,"2":24},"b":{},"meta":{"lastBranch":0,"lastFunction":3,"lastStatement":11,"seen":{"s:4:6:40:Infinity":0,"f:4:6:4:31":0,"s:5:10:5:35":1,"s:7:20:14:Infinity":2,"s:16:8:21:Infinity":3,"f:16:8:16:26":1,"s:17:17:17:Infinity":4,"s:18:20:18:Infinity":5,"s:19:4:19:Infinity":6,"s:20:4:20:Infinity":7,"s:21:4:21:Infinity":8,"s:24:2:40:Infinity":9,"f:33:21:33:26":2,"s:34:12:36:Infinity":10}}}
,"C:\\Users\\guru6\\OneDrive\\Desktop\\VoteMithra-Intelligent-Election-Assistant\\src\\components\\ProgressBar.jsx": {"path":"C:\\Users\\guru6\\OneDrive\\Desktop\\VoteMithra-Intelligent-Election-Assistant\\src\\components\\ProgressBar.jsx","statementMap":{"0":{"start":{"line":1,"column":6},"end":{"line":13,"column":null}},"1":{"start":{"line":2,"column":2},"end":{"line":13,"column":null}}},"fnMap":{"0":{"name":"(anonymous_0)","decl":{"start":{"line":1,"column":6},"end":{"line":1,"column":21}},"loc":{"start":{"line":1,"column":45},"end":{"line":13,"column":null}},"line":1}},"branchMap":{},"s":{"0":1,"1":45},"f":{"0":45},"b":{},"meta":{"lastBranch":0,"lastFunction":1,"lastStatement":2,"seen":{"s:1:6:13:Infinity":0,"f:1:6:1:21":0,"s:2:2:13:Infinity":1}}}
,"C:\\Users\\guru6\\OneDrive\\Desktop\\VoteMithra-Intelligent-Election-Assistant\\src\\pages\\EVMSimulator.jsx": {"path":"C:\\Users\\guru6\\OneDrive\\Desktop\\VoteMithra-Intelligent-Election-Assistant\\src\\pages\\EVMSimulator.jsx","statementMap":{"0":{"start":{"line":5,"column":6},"end":{"line":168,"column":null}},"1":{"start":{"line":6,"column":13},"end":{"line":6,"column":38}},"2":{"start":{"line":7,"column":19},"end":{"line":7,"column":48}},"3":{"start":{"line":8,"column":20},"end":{"line":8,"column":51}},"4":{"start":{"line":9,"column":25},"end":{"line":9,"column":60}},"5":{"start":{"line":10,"column":16},"end":{"line":10,"column":39}},"6":{"start":{"line":11,"column":8},"end":{"line":11,"column":32}},"7":{"start":{"line":13,"column":21},"end":{"line":18,"column":null}},"8":{"start":{"line":20,"column":8},"end":{"line":28,"column":null}},"9":{"start":{"line":21,"column":4},"end":{"line":21,"column":null}},"10":{"start":{"line":21,"column":18},"end":{"line":21,"column":null}},"11":{"start":{"line":22,"column":4},"end":{"line":22,"column":null}},"12":{"start":{"line":23,"column":4},"end":{"line":23,"column":null}},"13":{"start":{"line":26,"column":4},"end":{"line":28,"column":null}},"14":{"start":{"line":27,"column":6},"end":{"line":27,"column":null}},"15":{"start":{"line":31,"column":2},"end":{"line":39,"column":null}},"16":{"start":{"line":33,"column":4},"end":{"line":36,"column":null}},"17":{"start":{"line":34,"column":6},"end":{"line":34,"column":null}},"18":{"start":{"line":34,"column":35},"end":{"line":34,"column":61}},"19":{"start":{"line":34,"column":52},"end":{"line":34,"column":61}},"20":{"start":{"line":35,"column":15},"end":{"line":36,"column":null}},"21":{"start":{"line":36,"column":6},"end":{"line":36,"column":null}},"22":{"start":{"line":38,"column":4},"end":{"line":38,"column":null}},"23":{"start":{"line":38,"column":17},"end":{"line":38,"column":40}},"24":{"start":{"line":42,"column":2},"end":{"line":46,"column":null}},"25":{"start":{"line":43,"column":4},"end":{"line":44,"column":null}},"26":{"start":{"line":44,"column":6},"end":{"line":44,"column":null}},"27":{"start":{"line":48,"column":8},"end":{"line":52,"column":null}},"28":{"start":{"line":49,"column":4},"end":{"line":49,"column":null}},"29":{"start":{"line":50,"column":4},"end":{"line":50,"column":null}},"30":{"start":{"line":51,"column":4},"end":{"line":51,"column":null}},"31":{"start":{"line":52,"column":4},"end":{"line":52,"column":null}},"32":{"start":{"line":55,"column":2},"end":{"line":168,"column":null}},"33":{"start":{"line":75,"column":14},"end":{"line":91,"column":null}},"34":{"start":{"line":86,"column":33},"end":{"line":86,"column":46}},"35":{"start":{"line":135,"column":151},"end":{"line":135,"column":174}},"36":{"start":{"line":136,"column":147},"end":{"line":136,"column":171}}},"fnMap":{"0":{"name":"(anonymous_0)","decl":{"start":{"line":5,"column":6},"end":{"line":5,"column":27}},"loc":{"start":{"line":5,"column":27},"end":{"line":168,"column":null}},"line":5},"1":{"name":"(anonymous_1)","decl":{"start":{"line":20,"column":8},"end":{"line":20,"column":22}},"loc":{"start":{"line":20,"column":36},"end":{"line":28,"column":null}},"line":20},"2":{"name":"(anonymous_2)","decl":{"start":{"line":26,"column":4},"end":{"line":26,"column":21}},"loc":{"start":{"line":26,"column":21},"end":{"line":28,"column":12}},"line":26},"3":{"name":"(anonymous_3)","decl":{"start":{"line":31,"column":2},"end":{"line":31,"column":18}},"loc":{"start":{"line":31,"column":18},"end":{"line":39,"column":6}},"line":31},"4":{"name":"(anonymous_4)","decl":{"start":{"line":34,"column":17},"end":{"line":34,"column":35}},"loc":{"start":{"line":34,"column":35},"end":{"line":34,"column":61}},"line":34},"5":{"name":"(anonymous_5)","decl":{"start":{"line":34,"column":35},"end":{"line":34,"column":44}},"loc":{"start":{"line":34,"column":52},"end":{"line":34,"column":61}},"line":34},"6":{"name":"(anonymous_6)","decl":{"start":{"line":38,"column":4},"end":{"line":38,"column":17}},"loc":{"start":{"line":38,"column":17},"end":{"line":38,"column":40}},"line":38},"7":{"name":"(anonymous_7)","decl":{"start":{"line":42,"column":2},"end":{"line":42,"column":18}},"loc":{"start":{"line":42,"column":18},"end":{"line":46,"column":6}},"line":42},"8":{"name":"(anonymous_8)","decl":{"start":{"line":48,"column":8},"end":{"line":48,"column":22}},"loc":{"start":{"line":48,"column":22},"end":{"line":52,"column":null}},"line":48},"9":{"name":"(anonymous_9)","decl":{"start":{"line":74,"column":24},"end":{"line":74,"column":29}},"loc":{"start":{"line":75,"column":14},"end":{"line":91,"column":null}},"line":75},"10":{"name":"(anonymous_10)","decl":{"start":{"line":86,"column":18},"end":{"line":86,"column":33}},"loc":{"start":{"line":86,"column":33},"end":{"line":86,"column":46}},"line":86},"11":{"name":"(anonymous_11)","decl":{"start":{"line":135,"column":136},"end":{"line":135,"column":151}},"loc":{"start":{"line":135,"column":151},"end":{"line":135,"column":174}},"line":135},"12":{"name":"(anonymous_12)","decl":{"start":{"line":136,"column":132},"end":{"line":136,"column":147}},"loc":{"start":{"line":136,"column":147},"end":{"line":136,"column":171}},"line":136}},"branchMap":{"0":{"loc":{"start":{"line":21,"column":4},"end":{"line":21,"column":null}},"type":"if","locations":[{"start":{"line":21,"column":4},"end":{"line":21,"column":null}},{"start":{},"end":{}}],"line":21},"1":{"loc":{"start":{"line":33,"column":4},"end":{"line":36,"column":null}},"type":"if","locations":[{"start":{"line":33,"column":4},"end":{"line":36,"column":null}},{"start":{"line":35,"column":15},"end":{"line":36,"column":null}}],"line":33},"2":{"loc":{"start":{"line":33,"column":8},"end":{"line":33,"column":32}},"type":"binary-expr","locations":[{"start":{"line":33,"column":8},"end":{"line":33,"column":21}},{"start":{"line":33,"column":21},"end":{"line":33,"column":32}}],"line":33},"3":{"loc":{"start":{"line":35,"column":15},"end":{"line":36,"column":null}},"type":"if","locations":[{"start":{"line":35,"column":15},"end":{"line":36,"column":null}},{"start":{},"end":{}}],"line":35},"4":{"loc":{"start":{"line":43,"column":4},"end":{"line":44,"column":null}},"type":"if","locations":[{"start":{"line":43,"column":4},"end":{"line":44,"column":null}},{"start":{},"end":{}}],"line":43},"5":{"loc":{"start":{"line":43,"column":8},"end":{"line":43,"column":54}},"type":"binary-expr","locations":[{"start":{"line":43,"column":8},"end":{"line":43,"column":35}},{"start":{"line":43,"column":35},"end":{"line":43,"column":54}}],"line":43},"6":{"loc":{"start":{"line":77,"column":101},"end":{"line":77,"column":null}},"type":"cond-expr","locations":[{"start":{"line":77,"column":125},"end":{"line":77,"column":185}},{"start":{"line":77,"column":185},"end":{"line":77,"column":null}}],"line":77},"7":{"loc":{"start":{"line":87,"column":192},"end":{"line":87,"column":null}},"type":"cond-expr","locations":[{"start":{"line":87,"column":203},"end":{"line":87,"column":237}},{"start":{"line":87,"column":237},"end":{"line":87,"column":null}}],"line":87},"8":{"loc":{"start":{"line":96,"column":13},"end":{"line":99,"column":null}},"type":"binary-expr","locations":[{"start":{"line":96,"column":13},"end":{"line":96,"column":null}},{"start":{"line":97,"column":14},"end":{"line":99,"column":null}}],"line":96},"9":{"loc":{"start":{"line":114,"column":15},"end":{"line":118,"column":null}},"type":"binary-expr","locations":[{"start":{"line":114,"column":15},"end":{"line":114,"column":null}},{"start":{"line":115,"column":16},"end":{"line":118,"column":null}}],"line":114},"10":{"loc":{"start":{"line":115,"column":174},"end":{"line":115,"column":null}},"type":"cond-expr","locations":[{"start":{"line":115,"column":186},"end":{"line":115,"column":204}},{"start":{"line":115,"column":204},"end":{"line":115,"column":null}}],"line":115},"11":{"loc":{"start":{"line":124,"column":15},"end":{"line":131,"column":25}},"type":"binary-expr","locations":[{"start":{"line":124,"column":15},"end":{"line":124,"column":28}},{"start":{"line":124,"column":28},"end":{"line":124,"column":null}},{"start":{"line":125,"column":16},"end":{"line":131,"column":25}}],"line":124},"12":{"loc":{"start":{"line":131,"column":15},"end":{"line":136,"column":null}},"type":"binary-expr","locations":[{"start":{"line":131,"column":15},"end":{"line":131,"column":30}},{"start":{"line":131,"column":30},"end":{"line":131,"column":null}},{"start":{"line":132,"column":16},"end":{"line":136,"column":null}}],"line":131},"13":{"loc":{"start":{"line":143,"column":11},"end":{"line":158,"column":null}},"type":"binary-expr","locations":[{"start":{"line":143,"column":11},"end":{"line":143,"column":null}},{"start":{"line":144,"column":12},"end":{"line":158,"column":null}}],"line":143},"14":{"loc":{"start":{"line":147,"column":103},"end":{"line":147,"column":null}},"type":"cond-expr","locations":[{"start":{"line":147,"column":120},"end":{"line":147,"column":159}},{"start":{"line":147,"column":159},"end":{"line":147,"column":null}}],"line":147},"15":{"loc":{"start":{"line":150,"column":47},"end":{"line":150,"column":null}},"type":"cond-expr","locations":[{"start":{"line":150,"column":64},"end":{"line":150,"column":84}},{"start":{"line":150,"column":84},"end":{"line":150,"column":null}}],"line":150},"16":{"loc":{"start":{"line":151,"column":17},"end":{"line":151,"column":null}},"type":"cond-expr","locations":[{"start":{"line":151,"column":34},"end":{"line":151,"column":64}},{"start":{"line":151,"column":64},"end":{"line":151,"column":null}}],"line":151},"17":{"loc":{"start":{"line":154,"column":17},"end":{"line":156,"column":null}},"type":"cond-expr","locations":[{"start":{"line":155,"column":20},"end":{"line":155,"column":null}},{"start":{"line":156,"column":20},"end":{"line":156,"column":null}}],"line":154}},"s":{"0":2,"1":22,"2":22,"3":22,"4":22,"5":22,"6":22,"7":22,"8":22,"9":6,"10":0,"11":6,"12":6,"13":6,"14":3,"15":22,"16":15,"17":3,"18":14,"19":14,"20":12,"21":2,"22":15,"23":15,"24":22,"25":11,"26":1,"27":22,"28":1,"29":1,"30":1,"31":1,"32":22,"33":88,"34":6,"35":1,"36":0},"f":{"0":22,"1":6,"2":3,"3":15,"4":14,"5":14,"6":15,"7":11,"8":1,"9":88,"10":6,"11":1,"12":0},"b":{"0":[0,6],"1":[3,12],"2":[15,5],"3":[2,10],"4":[1,10],"5":[11,1],"6":[12,76],"7":[48,40],"8":[22,12],"9":[22,6],"10":[3,3],"11":[22,6,3],"12":[22,3,2],"13":[22,1],"14":[1,0],"15":[1,0],"16":[1,0],"17":[1,0]},"meta":{"lastBranch":18,"lastFunction":13,"lastStatement":37,"seen":{"s:5:6:168:Infinity":0,"f:5:6:5:27":0,"s:6:13:6:38":1,"s:7:19:7:48":2,"s:8:20:8:51":3,"s:9:25:9:60":4,"s:10:16:10:39":5,"s:11:8:11:32":6,"s:13:21:18:Infinity":7,"s:20:8:28:Infinity":8,"f:20:8:20:22":1,"b:21:4:21:Infinity:undefined:undefined:undefined:undefined":0,"s:21:4:21:Infinity":9,"s:21:18:21:Infinity":10,"s:22:4:22:Infinity":11,"s:23:4:23:Infinity":12,"s:26:4:28:Infinity":13,"f:26:4:26:21":2,"s:27:6:27:Infinity":14,"s:31:2:39:Infinity":15,"f:31:2:31:18":3,"b:33:4:36:Infinity:35:15:36:Infinity":1,"s:33:4:36:Infinity":16,"b:33:8:33:21:33:21:33:32":2,"s:34:6:34:Infinity":17,"f:34:17:34:35":4,"s:34:35:34:61":18,"f:34:35:34:44":5,"s:34:52:34:61":19,"b:35:15:36:Infinity:undefined:undefined:undefined:undefined":3,"s:35:15:36:Infinity":20,"s:36:6:36:Infinity":21,"s:38:4:38:Infinity":22,"f:38:4:38:17":6,"s:38:17:38:40":23,"s:42:2:46:Infinity":24,"f:42:2:42:18":7,"b:43:4:44:Infinity:undefined:undefined:undefined:undefined":4,"s:43:4:44:Infinity":25,"b:43:8:43:35:43:35:43:54":5,"s:44:6:44:Infinity":26,"s:48:8:52:Infinity":27,"f:48:8:48:22":8,"s:49:4:49:Infinity":28,"s:50:4:50:Infinity":29,"s:51:4:51:Infinity":30,"s:52:4:52:Infinity":31,"s:55:2:168:Infinity":32,"f:74:24:74:29":9,"s:75:14:91:Infinity":33,"b:77:125:77:185:77:185:77:Infinity":6,"f:86:18:86:33":10,"s:86:33:86:46":34,"b:87:203:87:237:87:237:87:Infinity":7,"b:96:13:96:Infinity:97:14:99:Infinity":8,"b:114:15:114:Infinity:115:16:118:Infinity":9,"b:115:186:115:204:115:204:115:Infinity":10,"b:124:15:124:28:124:28:124:Infinity:125:16:131:25":11,"b:131:15:131:30:131:30:131:Infinity:132:16:136:Infinity":12,"f:135:136:135:151":11,"s:135:151:135:174":35,"f:136:132:136:147":12,"s:136:147:136:171":36,"b:143:11:143:Infinity:144:12:158:Infinity":13,"b:147:120:147:159:147:159:147:Infinity":14,"b:150:64:150:84:150:84:150:Infinity":15,"b:151:34:151:64:151:64:151:Infinity":16,"b:155:20:155:Infinity:156:20:156:Infinity":17}}}
,"C:\\Users\\guru6\\OneDrive\\Desktop\\VoteMithra-Intelligent-Election-Assistant\\src\\pages\\Eligibility.jsx": {"path":"C:\\Users\\guru6\\OneDrive\\Desktop\\VoteMithra-Intelligent-Election-Assistant\\src\\pages\\Eligibility.jsx","statementMap":{"0":{"start":{"line":8,"column":6},"end":{"line":160,"column":null}},"1":{"start":{"line":10,"column":16},"end":{"line":10,"column":38}},"2":{"start":{"line":11,"column":20},"end":{"line":11,"column":48}},"3":{"start":{"line":12,"column":17},"end":{"line":12,"column":42}},"4":{"start":{"line":13,"column":17},"end":{"line":13,"column":42}},"5":{"start":{"line":14,"column":19},"end":{"line":14,"column":46}},"6":{"start":{"line":20,"column":10},"end":{"line":62,"column":null}},"7":{"start":{"line":21,"column":8},"end":{"line":21,"column":null}},"8":{"start":{"line":24,"column":26},"end":{"line":24,"column":39}},"9":{"start":{"line":25,"column":22},"end":{"line":25,"column":32}},"10":{"start":{"line":26,"column":18},"end":{"line":26,"column":63}},"11":{"start":{"line":27,"column":18},"end":{"line":27,"column":57}},"12":{"start":{"line":28,"column":8},"end":{"line":28,"column":null}},"13":{"start":{"line":28,"column":73},"end":{"line":28,"column":null}},"14":{"start":{"line":30,"column":22},"end":{"line":30,"column":null}},"15":{"start":{"line":33,"column":8},"end":{"line":58,"column":null}},"16":{"start":{"line":34,"column":12},"end":{"line":34,"column":null}},"17":{"start":{"line":35,"column":12},"end":{"line":39,"column":null}},"18":{"start":{"line":40,"column":19},"end":{"line":58,"column":null}},"19":{"start":{"line":41,"column":12},"end":{"line":45,"column":null}},"20":{"start":{"line":46,"column":19},"end":{"line":58,"column":null}},"21":{"start":{"line":47,"column":12},"end":{"line":51,"column":null}},"22":{"start":{"line":53,"column":12},"end":{"line":53,"column":null}},"23":{"start":{"line":54,"column":12},"end":{"line":58,"column":null}},"24":{"start":{"line":62,"column":8},"end":{"line":62,"column":null}},"25":{"start":{"line":66,"column":22},"end":{"line":70,"column":null}},"26":{"start":{"line":72,"column":4},"end":{"line":160,"column":null}},"27":{"start":{"line":92,"column":45},"end":{"line":92,"column":67}},"28":{"start":{"line":99,"column":24},"end":{"line":122,"column":null}},"29":{"start":{"line":105,"column":36},"end":{"line":119,"column":null}},"30":{"start":{"line":116,"column":55},"end":{"line":116,"column":65}},"31":{"start":{"line":152,"column":51},"end":{"line":152,"column":101}}},"fnMap":{"0":{"name":"(anonymous_0)","decl":{"start":{"line":8,"column":6},"end":{"line":8,"column":26}},"loc":{"start":{"line":8,"column":26},"end":{"line":160,"column":null}},"line":8},"1":{"name":"(anonymous_1)","decl":{"start":{"line":20,"column":10},"end":{"line":20,"column":30}},"loc":{"start":{"line":20,"column":36},"end":{"line":62,"column":null}},"line":20},"2":{"name":"(anonymous_2)","decl":{"start":{"line":92,"column":28},"end":{"line":92,"column":39}},"loc":{"start":{"line":92,"column":45},"end":{"line":92,"column":67}},"line":92},"3":{"name":"(anonymous_3)","decl":{"start":{"line":98,"column":31},"end":{"line":98,"column":36}},"loc":{"start":{"line":99,"column":24},"end":{"line":122,"column":null}},"line":99},"4":{"name":"(anonymous_4)","decl":{"start":{"line":104,"column":47},"end":{"line":104,"column":51}},"loc":{"start":{"line":105,"column":36},"end":{"line":119,"column":null}},"line":105},"5":{"name":"(anonymous_5)","decl":{"start":{"line":116,"column":40},"end":{"line":116,"column":55}},"loc":{"start":{"line":116,"column":55},"end":{"line":116,"column":65}},"line":116},"6":{"name":"(anonymous_6)","decl":{"start":{"line":152,"column":36},"end":{"line":152,"column":51}},"loc":{"start":{"line":152,"column":51},"end":{"line":152,"column":101}},"line":152}},"branchMap":{"0":{"loc":{"start":{"line":28,"column":8},"end":{"line":28,"column":null}},"type":"if","locations":[{"start":{"line":28,"column":8},"end":{"line":28,"column":null}},{"start":{},"end":{}}],"line":28},"1":{"loc":{"start":{"line":28,"column":12},"end":{"line":28,"column":70}},"type":"binary-expr","locations":[{"start":{"line":28,"column":12},"end":{"line":28,"column":22}},{"start":{"line":28,"column":22},"end":{"line":28,"column":33}},{"start":{"line":28,"column":33},"end":{"line":28,"column":70}}],"line":28},"2":{"loc":{"start":{"line":33,"column":8},"end":{"line":58,"column":null}},"type":"if","locations":[{"start":{"line":33,"column":8},"end":{"line":58,"column":null}},{"start":{"line":40,"column":19},"end":{"line":58,"column":null}}],"line":33},"3":{"loc":{"start":{"line":40,"column":19},"end":{"line":58,"column":null}},"type":"if","locations":[{"start":{"line":40,"column":19},"end":{"line":58,"column":null}},{"start":{"line":46,"column":19},"end":{"line":58,"column":null}}],"line":40},"4":{"loc":{"start":{"line":46,"column":19},"end":{"line":58,"column":null}},"type":"if","locations":[{"start":{"line":46,"column":19},"end":{"line":58,"column":null}},{"start":{"line":52,"column":15},"end":{"line":58,"column":null}}],"line":46},"5":{"loc":{"start":{"line":46,"column":19},"end":{"line":46,"column":53}},"type":"binary-expr","locations":[{"start":{"line":46,"column":19},"end":{"line":46,"column":37}},{"start":{"line":46,"column":37},"end":{"line":46,"column":53}}],"line":46},"6":{"loc":{"start":{"line":112,"column":44},"end":{"line":114,"column":null}},"type":"cond-expr","locations":[{"start":{"line":113,"column":46},"end":{"line":113,"column":null}},{"start":{"line":114,"column":46},"end":{"line":114,"column":null}}],"line":112},"7":{"loc":{"start":{"line":135,"column":21},"end":{"line":156,"column":null}},"type":"binary-expr","locations":[{"start":{"line":135,"column":21},"end":{"line":135,"column":null}},{"start":{"line":136,"column":24},"end":{"line":156,"column":null}}],"line":135},"8":{"loc":{"start":{"line":137,"column":28},"end":{"line":138,"column":null}},"type":"cond-expr","locations":[{"start":{"line":137,"column":54},"end":{"line":137,"column":null}},{"start":{"line":138,"column":28},"end":{"line":138,"column":null}}],"line":137},"9":{"loc":{"start":{"line":138,"column":28},"end":{"line":138,"column":null}},"type":"cond-expr","locations":[{"start":{"line":138,"column":52},"end":{"line":138,"column":96}},{"start":{"line":138,"column":96},"end":{"line":138,"column":null}}],"line":138},"10":{"loc":{"start":{"line":142,"column":36},"end":{"line":142,"column":null}},"type":"cond-expr","locations":[{"start":{"line":142,"column":62},"end":{"line":142,"column":82}},{"start":{"line":142,"column":82},"end":{"line":142,"column":null}}],"line":142},"11":{"loc":{"start":{"line":142,"column":82},"end":{"line":142,"column":null}},"type":"cond-expr","locations":[{"start":{"line":142,"column":106},"end":{"line":142,"column":124}},{"start":{"line":142,"column":124},"end":{"line":142,"column":null}}],"line":142},"12":{"loc":{"start":{"line":144,"column":37},"end":{"line":144,"column":null}},"type":"cond-expr","locations":[{"start":{"line":144,"column":63},"end":{"line":144,"column":80}},{"start":{"line":144,"column":80},"end":{"line":144,"column":null}}],"line":144},"13":{"loc":{"start":{"line":144,"column":80},"end":{"line":144,"column":null}},"type":"cond-expr","locations":[{"start":{"line":144,"column":104},"end":{"line":144,"column":114}},{"start":{"line":144,"column":114},"end":{"line":144,"column":null}}],"line":144},"14":{"loc":{"start":{"line":149,"column":29},"end":{"line":156,"column":null}},"type":"binary-expr","locations":[{"start":{"line":149,"column":29},"end":{"line":149,"column":null}},{"start":{"line":150,"column":32},"end":{"line":156,"column":null}}],"line":149}},"s":{"0":1,"1":13,"2":13,"3":13,"4":13,"5":13,"6":13,"7":3,"8":3,"9":3,"10":3,"11":3,"12":3,"13":0,"14":3,"15":3,"16":1,"17":1,"18":2,"19":1,"20":1,"21":0,"22":1,"23":1,"24":3,"25":13,"26":13,"27":3,"28":39,"29":78,"30":4,"31":0},"f":{"0":13,"1":3,"2":3,"3":39,"4":78,"5":4,"6":0},"b":{"0":[0,3],"1":[3,3,0],"2":[1,2],"3":[1,1],"4":[0,1],"5":[1,1],"6":[11,67],"7":[13,3],"8":[1,2],"9":[1,1],"10":[1,2],"11":[1,1],"12":[1,2],"13":[1,1],"14":[3,1]},"meta":{"lastBranch":15,"lastFunction":7,"lastStatement":32,"seen":{"s:8:6:160:Infinity":0,"f:8:6:8:26":0,"s:10:16:10:38":1,"s:11:20:11:48":2,"s:12:17:12:42":3,"s:13:17:13:42":4,"s:14:19:14:46":5,"s:20:10:62:Infinity":6,"f:20:10:20:30":1,"s:21:8:21:Infinity":7,"s:24:26:24:39":8,"s:25:22:25:32":9,"s:26:18:26:63":10,"s:27:18:27:57":11,"b:28:8:28:Infinity:undefined:undefined:undefined:undefined":0,"s:28:8:28:Infinity":12,"b:28:12:28:22:28:22:28:33:28:33:28:70":1,"s:28:73:28:Infinity":13,"s:30:22:30:Infinity":14,"b:33:8:58:Infinity:40:19:58:Infinity":2,"s:33:8:58:Infinity":15,"s:34:12:34:Infinity":16,"s:35:12:39:Infinity":17,"b:40:19:58:Infinity:46:19:58:Infinity":3,"s:40:19:58:Infinity":18,"s:41:12:45:Infinity":19,"b:46:19:58:Infinity:52:15:58:Infinity":4,"s:46:19:58:Infinity":20,"b:46:19:46:37:46:37:46:53":5,"s:47:12:51:Infinity":21,"s:53:12:53:Infinity":22,"s:54:12:58:Infinity":23,"s:62:8:62:Infinity":24,"s:66:22:70:Infinity":25,"s:72:4:160:Infinity":26,"f:92:28:92:39":2,"s:92:45:92:67":27,"f:98:31:98:36":3,"s:99:24:122:Infinity":28,"f:104:47:104:51":4,"s:105:36:119:Infinity":29,"b:113:46:113:Infinity:114:46:114:Infinity":6,"f:116:40:116:55":5,"s:116:55:116:65":30,"b:135:21:135:Infinity:136:24:156:Infinity":7,"b:137:54:137:Infinity:138:28:138:Infinity":8,"b:138:52:138:96:138:96:138:Infinity":9,"b:142:62:142:82:142:82:142:Infinity":10,"b:142:106:142:124:142:124:142:Infinity":11,"b:144:63:144:80:144:80:144:Infinity":12,"b:144:104:144:114:144:114:144:Infinity":13,"b:149:29:149:Infinity:150:32:156:Infinity":14,"f:152:36:152:51":6,"s:152:51:152:101":31}}}
,"C:\\Users\\guru6\\OneDrive\\Desktop\\VoteMithra-Intelligent-Election-Assistant\\src\\pages\\FakeNews.jsx": {"path":"C:\\Users\\guru6\\OneDrive\\Desktop\\VoteMithra-Intelligent-Election-Assistant\\src\\pages\\FakeNews.jsx","statementMap":{"0":{"start":{"line":5,"column":6},"end":{"line":279,"column":null}},"1":{"start":{"line":6,"column":16},"end":{"line":6,"column":39}},"2":{"start":{"line":7,"column":23},"end":{"line":7,"column":53}},"3":{"start":{"line":8,"column":21},"end":{"line":8,"column":49}},"4":{"start":{"line":9,"column":24},"end":{"line":9,"column":58}},"5":{"start":{"line":11,"column":22},"end":{"line":11,"column":52}},"6":{"start":{"line":12,"column":22},"end":{"line":12,"column":55}},"7":{"start":{"line":13,"column":25},"end":{"line":13,"column":60}},"8":{"start":{"line":14,"column":24},"end":{"line":14,"column":58}},"9":{"start":{"line":16,"column":17},"end":{"line":35,"column":null}},"10":{"start":{"line":37,"column":8},"end":{"line":41,"column":null}},"11":{"start":{"line":38,"column":20},"end":{"line":38,"column":null}},"12":{"start":{"line":39,"column":22},"end":{"line":39,"column":null}},"13":{"start":{"line":40,"column":4},"end":{"line":40,"column":null}},"14":{"start":{"line":40,"column":19},"end":{"line":40,"column":null}},"15":{"start":{"line":40,"column":43},"end":{"line":40,"column":52}},"16":{"start":{"line":41,"column":4},"end":{"line":41,"column":null}},"17":{"start":{"line":44,"column":8},"end":{"line":49,"column":null}},"18":{"start":{"line":45,"column":4},"end":{"line":49,"column":null}},"19":{"start":{"line":46,"column":6},"end":{"line":46,"column":null}},"20":{"start":{"line":46,"column":32},"end":{"line":46,"column":41}},"21":{"start":{"line":47,"column":6},"end":{"line":47,"column":null}},"22":{"start":{"line":49,"column":6},"end":{"line":49,"column":null}},"23":{"start":{"line":54,"column":8},"end":{"line":58,"column":null}},"24":{"start":{"line":55,"column":14},"end":{"line":55,"column":35}},"25":{"start":{"line":56,"column":4},"end":{"line":56,"column":null}},"26":{"start":{"line":56,"column":22},"end":{"line":56,"column":null}},"27":{"start":{"line":57,"column":4},"end":{"line":57,"column":null}},"28":{"start":{"line":57,"column":22},"end":{"line":57,"column":null}},"29":{"start":{"line":58,"column":4},"end":{"line":58,"column":null}},"30":{"start":{"line":62,"column":8},"end":{"line":74,"column":null}},"31":{"start":{"line":63,"column":4},"end":{"line":66,"column":null}},"32":{"start":{"line":63,"column":30},"end":{"line":66,"column":null}},"33":{"start":{"line":67,"column":4},"end":{"line":70,"column":null}},"34":{"start":{"line":67,"column":30},"end":{"line":70,"column":null}},"35":{"start":{"line":71,"column":4},"end":{"line":74,"column":null}},"36":{"start":{"line":78,"column":8},"end":{"line":81,"column":null}},"37":{"start":{"line":79,"column":4},"end":{"line":79,"column":null}},"38":{"start":{"line":79,"column":30},"end":{"line":79,"column":null}},"39":{"start":{"line":80,"column":4},"end":{"line":80,"column":null}},"40":{"start":{"line":80,"column":30},"end":{"line":80,"column":null}},"41":{"start":{"line":81,"column":4},"end":{"line":81,"column":null}},"42":{"start":{"line":84,"column":25},"end":{"line":114,"column":null}},"43":{"start":{"line":85,"column":4},"end":{"line":85,"column":null}},"44":{"start":{"line":85,"column":44},"end":{"line":85,"column":null}},"45":{"start":{"line":87,"column":4},"end":{"line":87,"column":null}},"46":{"start":{"line":88,"column":4},"end":{"line":88,"column":null}},"47":{"start":{"line":89,"column":4},"end":{"line":89,"column":null}},"48":{"start":{"line":90,"column":4},"end":{"line":90,"column":null}},"49":{"start":{"line":92,"column":4},"end":{"line":114,"column":null}},"50":{"start":{"line":93,"column":21},"end":{"line":93,"column":59}},"51":{"start":{"line":96,"column":24},"end":{"line":96,"column":72}},"52":{"start":{"line":97,"column":25},"end":{"line":101,"column":null}},"53":{"start":{"line":103,"column":6},"end":{"line":109,"column":null}},"54":{"start":{"line":111,"column":6},"end":{"line":111,"column":null}},"55":{"start":{"line":112,"column":6},"end":{"line":112,"column":null}},"56":{"start":{"line":114,"column":6},"end":{"line":114,"column":null}},"57":{"start":{"line":118,"column":2},"end":{"line":279,"column":null}},"58":{"start":{"line":153,"column":33},"end":{"line":153,"column":52}},"59":{"start":{"line":161,"column":33},"end":{"line":161,"column":52}},"60":{"start":{"line":201,"column":31},"end":{"line":201,"column":61}},"61":{"start":{"line":228,"column":29},"end":{"line":228,"column":68}},"62":{"start":{"line":229,"column":14},"end":{"line":275,"column":null}},"63":{"start":{"line":250,"column":42},"end":{"line":251,"column":null}},"64":{"start":{"line":251,"column":34},"end":{"line":251,"column":79}},"65":{"start":{"line":253,"column":24},"end":{"line":256,"column":null}},"66":{"start":{"line":272,"column":37},"end":{"line":272,"column":62}},"67":{"start":{"line":272,"column":62},"end":{"line":272,"column":82}},"68":{"start":{"line":272,"column":82},"end":{"line":272,"column":null}}},"fnMap":{"0":{"name":"(anonymous_0)","decl":{"start":{"line":5,"column":6},"end":{"line":5,"column":23}},"loc":{"start":{"line":5,"column":23},"end":{"line":279,"column":null}},"line":5},"1":{"name":"(anonymous_1)","decl":{"start":{"line":37,"column":8},"end":{"line":37,"column":23}},"loc":{"start":{"line":37,"column":34},"end":{"line":41,"column":null}},"line":37},"2":{"name":"(anonymous_2)","decl":{"start":{"line":40,"column":19},"end":{"line":40,"column":34}},"loc":{"start":{"line":40,"column":43},"end":{"line":40,"column":52}},"line":40},"3":{"name":"(anonymous_3)","decl":{"start":{"line":44,"column":8},"end":{"line":44,"column":26}},"loc":{"start":{"line":44,"column":26},"end":{"line":49,"column":null}},"line":44},"4":{"name":"(anonymous_4)","decl":{"start":{"line":46,"column":6},"end":{"line":46,"column":23}},"loc":{"start":{"line":46,"column":32},"end":{"line":46,"column":41}},"line":46},"5":{"name":"(anonymous_5)","decl":{"start":{"line":54,"column":8},"end":{"line":54,"column":24}},"loc":{"start":{"line":54,"column":41},"end":{"line":58,"column":null}},"line":54},"6":{"name":"(anonymous_6)","decl":{"start":{"line":62,"column":8},"end":{"line":62,"column":25}},"loc":{"start":{"line":62,"column":39},"end":{"line":74,"column":null}},"line":62},"7":{"name":"(anonymous_7)","decl":{"start":{"line":78,"column":8},"end":{"line":78,"column":32}},"loc":{"start":{"line":78,"column":46},"end":{"line":81,"column":null}},"line":78},"8":{"name":"(anonymous_8)","decl":{"start":{"line":84,"column":25},"end":{"line":84,"column":37}},"loc":{"start":{"line":84,"column":37},"end":{"line":114,"column":null}},"line":84},"9":{"name":"(anonymous_9)","decl":{"start":{"line":153,"column":18},"end":{"line":153,"column":33}},"loc":{"start":{"line":153,"column":33},"end":{"line":153,"column":52}},"line":153},"10":{"name":"(anonymous_10)","decl":{"start":{"line":161,"column":18},"end":{"line":161,"column":33}},"loc":{"start":{"line":161,"column":33},"end":{"line":161,"column":52}},"line":161},"11":{"name":"(anonymous_11)","decl":{"start":{"line":201,"column":14},"end":{"line":201,"column":25}},"loc":{"start":{"line":201,"column":31},"end":{"line":201,"column":61}},"line":201},"12":{"name":"(anonymous_12)","decl":{"start":{"line":227,"column":13},"end":{"line":227,"column":38}},"loc":{"start":{"line":227,"column":38},"end":{"line":275,"column":null}},"line":227},"13":{"name":"(anonymous_13)","decl":{"start":{"line":249,"column":46},"end":{"line":249,"column":51}},"loc":{"start":{"line":249,"column":63},"end":{"line":256,"column":null}},"line":249},"14":{"name":"(anonymous_14)","decl":{"start":{"line":250,"column":74},"end":{"line":250,"column":null}},"loc":{"start":{"line":251,"column":34},"end":{"line":251,"column":79}},"line":251},"15":{"name":"(anonymous_15)","decl":{"start":{"line":272,"column":20},"end":{"line":272,"column":35}},"loc":{"start":{"line":272,"column":35},"end":{"line":272,"column":null}},"line":272}},"branchMap":{"0":{"loc":{"start":{"line":40,"column":4},"end":{"line":40,"column":null}},"type":"if","locations":[{"start":{"line":40,"column":4},"end":{"line":40,"column":null}},{"start":{},"end":{}}],"line":40},"1":{"loc":{"start":{"line":45,"column":4},"end":{"line":49,"column":null}},"type":"if","locations":[{"start":{"line":45,"column":4},"end":{"line":49,"column":null}},{"start":{"line":48,"column":11},"end":{"line":49,"column":null}}],"line":45},"2":{"loc":{"start":{"line":54,"column":24},"end":{"line":54,"column":41}},"type":"default-arg","locations":[{"start":{"line":54,"column":34},"end":{"line":54,"column":41}}],"line":54},"3":{"loc":{"start":{"line":56,"column":4},"end":{"line":56,"column":null}},"type":"if","locations":[{"start":{"line":56,"column":4},"end":{"line":56,"column":null}},{"start":{},"end":{}}],"line":56},"4":{"loc":{"start":{"line":57,"column":4},"end":{"line":57,"column":null}},"type":"if","locations":[{"start":{"line":57,"column":4},"end":{"line":57,"column":null}},{"start":{},"end":{}}],"line":57},"5":{"loc":{"start":{"line":63,"column":4},"end":{"line":66,"column":null}},"type":"if","locations":[{"start":{"line":63,"column":4},"end":{"line":66,"column":null}},{"start":{},"end":{}}],"line":63},"6":{"loc":{"start":{"line":67,"column":4},"end":{"line":70,"column":null}},"type":"if","locations":[{"start":{"line":67,"column":4},"end":{"line":70,"column":null}},{"start":{},"end":{}}],"line":67},"7":{"loc":{"start":{"line":79,"column":4},"end":{"line":79,"column":null}},"type":"if","locations":[{"start":{"line":79,"column":4},"end":{"line":79,"column":null}},{"start":{},"end":{}}],"line":79},"8":{"loc":{"start":{"line":80,"column":4},"end":{"line":80,"column":null}},"type":"if","locations":[{"start":{"line":80,"column":4},"end":{"line":80,"column":null}},{"start":{},"end":{}}],"line":80},"9":{"loc":{"start":{"line":85,"column":4},"end":{"line":85,"column":null}},"type":"if","locations":[{"start":{"line":85,"column":4},"end":{"line":85,"column":null}},{"start":{},"end":{}}],"line":85},"10":{"loc":{"start":{"line":85,"column":8},"end":{"line":85,"column":44}},"type":"binary-expr","locations":[{"start":{"line":85,"column":8},"end":{"line":85,"column":27}},{"start":{"line":85,"column":31},"end":{"line":85,"column":44}}],"line":85},"11":{"loc":{"start":{"line":96,"column":37},"end":{"line":96,"column":72}},"type":"binary-expr","locations":[{"start":{"line":96,"column":37},"end":{"line":96,"column":55}},{"start":{"line":96,"column":55},"end":{"line":96,"column":72}}],"line":96},"12":{"loc":{"start":{"line":97,"column":25},"end":{"line":101,"column":null}},"type":"cond-expr","locations":[{"start":{"line":98,"column":10},"end":{"line":98,"column":null}},{"start":{"line":99,"column":10},"end":{"line":101,"column":null}}],"line":97},"13":{"loc":{"start":{"line":99,"column":10},"end":{"line":101,"column":null}},"type":"cond-expr","locations":[{"start":{"line":100,"column":12},"end":{"line":100,"column":null}},{"start":{"line":101,"column":12},"end":{"line":101,"column":null}}],"line":99},"14":{"loc":{"start":{"line":106,"column":21},"end":{"line":106,"column":null}},"type":"binary-expr","locations":[{"start":{"line":106,"column":21},"end":{"line":106,"column":41}},{"start":{"line":106,"column":41},"end":{"line":106,"column":63}},{"start":{"line":106,"column":63},"end":{"line":106,"column":null}}],"line":106},"15":{"loc":{"start":{"line":107,"column":25},"end":{"line":107,"column":53}},"type":"binary-expr","locations":[{"start":{"line":107,"column":25},"end":{"line":107,"column":51}},{"start":{"line":107,"column":51},"end":{"line":107,"column":53}}],"line":107},"16":{"loc":{"start":{"line":108,"column":27},"end":{"line":108,"column":null}},"type":"binary-expr","locations":[{"start":{"line":108,"column":27},"end":{"line":108,"column":55}},{"start":{"line":108,"column":55},"end":{"line":108,"column":null}}],"line":108},"17":{"loc":{"start":{"line":130,"column":7},"end":{"line":180,"column":null}},"type":"binary-expr","locations":[{"start":{"line":130,"column":7},"end":{"line":130,"column":null}},{"start":{"line":131,"column":8},"end":{"line":180,"column":null}}],"line":130},"18":{"loc":{"start":{"line":139,"column":11},"end":{"line":180,"column":null}},"type":"cond-expr","locations":[{"start":{"line":140,"column":12},"end":{"line":169,"column":13}},{"start":{"line":169,"column":12},"end":{"line":180,"column":null}}],"line":139},"19":{"loc":{"start":{"line":170,"column":82},"end":{"line":170,"column":null}},"type":"cond-expr","locations":[{"start":{"line":170,"column":108},"end":{"line":170,"column":127}},{"start":{"line":170,"column":127},"end":{"line":170,"column":null}}],"line":170},"20":{"loc":{"start":{"line":171,"column":17},"end":{"line":171,"column":null}},"type":"cond-expr","locations":[{"start":{"line":171,"column":43},"end":{"line":171,"column":58}},{"start":{"line":171,"column":58},"end":{"line":171,"column":null}}],"line":171},"21":{"loc":{"start":{"line":179,"column":17},"end":{"line":179,"column":null}},"type":"cond-expr","locations":[{"start":{"line":179,"column":54},"end":{"line":179,"column":82}},{"start":{"line":179,"column":82},"end":{"line":179,"column":null}}],"line":179},"22":{"loc":{"start":{"line":187,"column":7},"end":{"line":279,"column":null}},"type":"binary-expr","locations":[{"start":{"line":187,"column":7},"end":{"line":187,"column":null}},{"start":{"line":188,"column":8},"end":{"line":279,"column":null}}],"line":187},"23":{"loc":{"start":{"line":209,"column":24},"end":{"line":209,"column":58}},"type":"binary-expr","locations":[{"start":{"line":209,"column":24},"end":{"line":209,"column":39}},{"start":{"line":209,"column":39},"end":{"line":209,"column":58}}],"line":209},"24":{"loc":{"start":{"line":211,"column":26},"end":{"line":211,"column":null}},"type":"cond-expr","locations":[{"start":{"line":211,"column":40},"end":{"line":211,"column":78}},{"start":{"line":211,"column":78},"end":{"line":211,"column":null}}],"line":211},"25":{"loc":{"start":{"line":213,"column":15},"end":{"line":213,"column":null}},"type":"cond-expr","locations":[{"start":{"line":213,"column":29},"end":{"line":213,"column":54}},{"start":{"line":213,"column":54},"end":{"line":213,"column":null}}],"line":213},"26":{"loc":{"start":{"line":218,"column":11},"end":{"line":221,"column":null}},"type":"binary-expr","locations":[{"start":{"line":218,"column":11},"end":{"line":218,"column":null}},{"start":{"line":219,"column":12},"end":{"line":221,"column":null}}],"line":218},"27":{"loc":{"start":{"line":227,"column":13},"end":{"line":275,"column":null}},"type":"binary-expr","locations":[{"start":{"line":227,"column":13},"end":{"line":227,"column":38}},{"start":{"line":227,"column":13},"end":{"line":275,"column":null}}],"line":227},"28":{"loc":{"start":{"line":254,"column":51},"end":{"line":254,"column":null}},"type":"cond-expr","locations":[{"start":{"line":254,"column":63},"end":{"line":254,"column":106}},{"start":{"line":254,"column":106},"end":{"line":254,"column":null}}],"line":254}},"s":{"0":2,"1":49,"2":49,"3":49,"4":49,"5":49,"6":49,"7":49,"8":49,"9":49,"10":49,"11":16,"12":16,"13":16,"14":16,"15":16,"16":16,"17":49,"18":15,"19":10,"20":10,"21":10,"22":5,"23":49,"24":2,"25":2,"26":1,"27":1,"28":0,"29":1,"30":49,"31":2,"32":1,"33":1,"34":0,"35":1,"36":49,"37":0,"38":0,"39":0,"40":0,"41":0,"42":49,"43":3,"44":0,"45":3,"46":3,"47":3,"48":3,"49":3,"50":3,"51":2,"52":3,"53":3,"54":1,"55":1,"56":3,"57":49,"58":16,"59":0,"60":3,"61":2,"62":2,"63":4,"64":2,"65":4,"66":0,"67":0,"68":0},"f":{"0":49,"1":16,"2":16,"3":15,"4":10,"5":2,"6":2,"7":0,"8":3,"9":16,"10":0,"11":3,"12":2,"13":4,"14":2,"15":0},"b":{"0":[16,0],"1":[10,5],"2":[2],"3":[1,1],"4":[0,1],"5":[1,1],"6":[0,1],"7":[0,0],"8":[0,0],"9":[0,3],"10":[3,3],"11":[2,0],"12":[2,0],"13":[0,0],"14":[3,0,0],"15":[3,0],"16":[3,0],"17":[49,35],"18":[19,16],"19":[16,0],"20":[16,0],"21":[5,11],"22":[49,14],"23":[14,11],"24":[3,11],"25":[3,11],"26":[14,1],"27":[14,2],"28":[1,3]},"meta":{"lastBranch":29,"lastFunction":16,"lastStatement":69,"seen":{"s:5:6:279:Infinity":0,"f:5:6:5:23":0,"s:6:16:6:39":1,"s:7:23:7:53":2,"s:8:21:8:49":3,"s:9:24:9:58":4,"s:11:22:11:52":5,"s:12:22:12:55":6,"s:13:25:13:60":7,"s:14:24:14:58":8,"s:16:17:35:Infinity":9,"s:37:8:41:Infinity":10,"f:37:8:37:23":1,"s:38:20:38:Infinity":11,"s:39:22:39:Infinity":12,"b:40:4:40:Infinity:undefined:undefined:undefined:undefined":0,"s:40:4:40:Infinity":13,"s:40:19:40:Infinity":14,"f:40:19:40:34":2,"s:40:43:40:52":15,"s:41:4:41:Infinity":16,"s:44:8:49:Infinity":17,"f:44:8:44:26":3,"b:45:4:49:Infinity:48:11:49:Infinity":1,"s:45:4:49:Infinity":18,"s:46:6:46:Infinity":19,"f:46:6:46:23":4,"s:46:32:46:41":20,"s:47:6:47:Infinity":21,"s:49:6:49:Infinity":22,"s:54:8:58:Infinity":23,"f:54:8:54:24":5,"b:54:34:54:41":2,"s:55:14:55:35":24,"b:56:4:56:Infinity:undefined:undefined:undefined:undefined":3,"s:56:4:56:Infinity":25,"s:56:22:56:Infinity":26,"b:57:4:57:Infinity:undefined:undefined:undefined:undefined":4,"s:57:4:57:Infinity":27,"s:57:22:57:Infinity":28,"s:58:4:58:Infinity":29,"s:62:8:74:Infinity":30,"f:62:8:62:25":6,"b:63:4:66:Infinity:undefined:undefined:undefined:undefined":5,"s:63:4:66:Infinity":31,"s:63:30:66:Infinity":32,"b:67:4:70:Infinity:undefined:undefined:undefined:undefined":6,"s:67:4:70:Infinity":33,"s:67:30:70:Infinity":34,"s:71:4:74:Infinity":35,"s:78:8:81:Infinity":36,"f:78:8:78:32":7,"b:79:4:79:Infinity:undefined:undefined:undefined:undefined":7,"s:79:4:79:Infinity":37,"s:79:30:79:Infinity":38,"b:80:4:80:Infinity:undefined:undefined:undefined:undefined":8,"s:80:4:80:Infinity":39,"s:80:30:80:Infinity":40,"s:81:4:81:Infinity":41,"s:84:25:114:Infinity":42,"f:84:25:84:37":8,"b:85:4:85:Infinity:undefined:undefined:undefined:undefined":9,"s:85:4:85:Infinity":43,"b:85:8:85:27:85:31:85:44":10,"s:85:44:85:Infinity":44,"s:87:4:87:Infinity":45,"s:88:4:88:Infinity":46,"s:89:4:89:Infinity":47,"s:90:4:90:Infinity":48,"s:92:4:114:Infinity":49,"s:93:21:93:59":50,"s:96:24:96:72":51,"b:96:37:96:55:96:55:96:72":11,"s:97:25:101:Infinity":52,"b:98:10:98:Infinity:99:10:101:Infinity":12,"b:100:12:100:Infinity:101:12:101:Infinity":13,"s:103:6:109:Infinity":53,"b:106:21:106:41:106:41:106:63:106:63:106:Infinity":14,"b:107:25:107:51:107:51:107:53":15,"b:108:27:108:55:108:55:108:Infinity":16,"s:111:6:111:Infinity":54,"s:112:6:112:Infinity":55,"s:114:6:114:Infinity":56,"s:118:2:279:Infinity":57,"b:130:7:130:Infinity:131:8:180:Infinity":17,"b:140:12:169:13:169:12:180:Infinity":18,"f:153:18:153:33":9,"s:153:33:153:52":58,"f:161:18:161:33":10,"s:161:33:161:52":59,"b:170:108:170:127:170:127:170:Infinity":19,"b:171:43:171:58:171:58:171:Infinity":20,"b:179:54:179:82:179:82:179:Infinity":21,"b:187:7:187:Infinity:188:8:279:Infinity":22,"f:201:14:201:25":11,"s:201:31:201:61":60,"b:209:24:209:39:209:39:209:58":23,"b:211:40:211:78:211:78:211:Infinity":24,"b:213:29:213:54:213:54:213:Infinity":25,"b:218:11:218:Infinity:219:12:221:Infinity":26,"b:227:13:227:38:227:13:275:Infinity":27,"f:227:13:227:38":12,"s:228:29:228:68":61,"s:229:14:275:Infinity":62,"f:249:46:249:51":13,"s:250:42:251:Infinity":63,"f:250:74:250:Infinity":14,"s:251:34:251:79":64,"s:253:24:256:Infinity":65,"b:254:63:254:106:254:106:254:Infinity":28,"f:272:20:272:35":15,"s:272:37:272:62":66,"s:272:62:272:82":67,"s:272:82:272:Infinity":68}}}
,"C:\\Users\\guru6\\OneDrive\\Desktop\\VoteMithra-Intelligent-Election-Assistant\\src\\pages\\Quiz.jsx": {"path":"C:\\Users\\guru6\\OneDrive\\Desktop\\VoteMithra-Intelligent-Election-Assistant\\src\\pages\\Quiz.jsx","statementMap":{"0":{"start":{"line":6,"column":6},"end":{"line":204,"column":null}},"1":{"start":{"line":7,"column":18},"end":{"line":7,"column":47}},"2":{"start":{"line":8,"column":19},"end":{"line":8,"column":46}},"3":{"start":{"line":9,"column":19},"end":{"line":9,"column":45}},"4":{"start":{"line":10,"column":16},"end":{"line":10,"column":39}},"5":{"start":{"line":11,"column":19},"end":{"line":11,"column":49}},"6":{"start":{"line":12,"column":19},"end":{"line":12,"column":48}},"7":{"start":{"line":13,"column":8},"end":{"line":13,"column":30}},"8":{"start":{"line":15,"column":25},"end":{"line":26,"column":null}},"9":{"start":{"line":16,"column":4},"end":{"line":16,"column":null}},"10":{"start":{"line":16,"column":26},"end":{"line":16,"column":null}},"11":{"start":{"line":17,"column":19},"end":{"line":22,"column":6}},"12":{"start":{"line":23,"column":17},"end":{"line":23,"column":44}},"13":{"start":{"line":24,"column":4},"end":{"line":24,"column":null}},"14":{"start":{"line":25,"column":4},"end":{"line":25,"column":null}},"15":{"start":{"line":26,"column":4},"end":{"line":26,"column":null}},"16":{"start":{"line":29,"column":22},"end":{"line":43,"column":null}},"17":{"start":{"line":30,"column":17},"end":{"line":30,"column":null}},"18":{"start":{"line":31,"column":4},"end":{"line":43,"column":null}},"19":{"start":{"line":32,"column":6},"end":{"line":39,"column":null}},"20":{"start":{"line":33,"column":8},"end":{"line":37,"column":null}},"21":{"start":{"line":39,"column":8},"end":{"line":39,"column":null}},"22":{"start":{"line":42,"column":18},"end":{"line":42,"column":null}},"23":{"start":{"line":43,"column":6},"end":{"line":43,"column":null}},"24":{"start":{"line":47,"column":20},"end":{"line":58,"column":null}},"25":{"start":{"line":60,"column":8},"end":{"line":64,"column":null}},"26":{"start":{"line":61,"column":4},"end":{"line":61,"column":null}},"27":{"start":{"line":62,"column":4},"end":{"line":64,"column":null}},"28":{"start":{"line":63,"column":6},"end":{"line":63,"column":null}},"29":{"start":{"line":64,"column":6},"end":{"line":64,"column":null}},"30":{"start":{"line":68,"column":8},"end":{"line":72,"column":null}},"31":{"start":{"line":69,"column":4},"end":{"line":69,"column":null}},"32":{"start":{"line":69,"column":18},"end":{"line":69,"column":null}},"33":{"start":{"line":70,"column":22},"end":{"line":70,"column":null}},"34":{"start":{"line":71,"column":4},"end":{"line":71,"column":null}},"35":{"start":{"line":71,"column":19},"end":{"line":71,"column":null}},"36":{"start":{"line":71,"column":36},"end":{"line":71,"column":45}},"37":{"start":{"line":72,"column":4},"end":{"line":72,"column":null}},"38":{"start":{"line":74,"column":8},"end":{"line":80,"column":null}},"39":{"start":{"line":75,"column":4},"end":{"line":80,"column":null}},"40":{"start":{"line":76,"column":6},"end":{"line":76,"column":null}},"41":{"start":{"line":76,"column":26},"end":{"line":76,"column":35}},"42":{"start":{"line":77,"column":6},"end":{"line":77,"column":null}},"43":{"start":{"line":79,"column":6},"end":{"line":79,"column":null}},"44":{"start":{"line":80,"column":6},"end":{"line":80,"column":null}},"45":{"start":{"line":83,"column":2},"end":{"line":101,"column":null}},"46":{"start":{"line":84,"column":4},"end":{"line":101,"column":null}},"47":{"start":{"line":95,"column":31},"end":{"line":95,"column":58}},"48":{"start":{"line":105,"column":2},"end":{"line":153,"column":null}},"49":{"start":{"line":106,"column":18},"end":{"line":106,"column":null}},"50":{"start":{"line":107,"column":4},"end":{"line":153,"column":null}},"51":{"start":{"line":157,"column":12},"end":{"line":157,"column":null}},"52":{"start":{"line":159,"column":2},"end":{"line":204,"column":null}},"53":{"start":{"line":169,"column":14},"end":{"line":182,"column":null}},"54":{"start":{"line":178,"column":31},"end":{"line":178,"column":46}}},"fnMap":{"0":{"name":"(anonymous_0)","decl":{"start":{"line":6,"column":6},"end":{"line":6,"column":19}},"loc":{"start":{"line":6,"column":19},"end":{"line":204,"column":null}},"line":6},"1":{"name":"(anonymous_1)","decl":{"start":{"line":15,"column":25},"end":{"line":15,"column":37}},"loc":{"start":{"line":15,"column":37},"end":{"line":26,"column":null}},"line":15},"2":{"name":"(anonymous_2)","decl":{"start":{"line":29,"column":22},"end":{"line":29,"column":34}},"loc":{"start":{"line":29,"column":34},"end":{"line":43,"column":null}},"line":29},"3":{"name":"(anonymous_3)","decl":{"start":{"line":60,"column":8},"end":{"line":60,"column":23}},"loc":{"start":{"line":60,"column":29},"end":{"line":64,"column":null}},"line":60},"4":{"name":"(anonymous_4)","decl":{"start":{"line":68,"column":8},"end":{"line":68,"column":24}},"loc":{"start":{"line":68,"column":32},"end":{"line":72,"column":null}},"line":68},"5":{"name":"(anonymous_5)","decl":{"start":{"line":71,"column":19},"end":{"line":71,"column":28}},"loc":{"start":{"line":71,"column":36},"end":{"line":71,"column":45}},"line":71},"6":{"name":"(anonymous_6)","decl":{"start":{"line":74,"column":8},"end":{"line":74,"column":29}},"loc":{"start":{"line":74,"column":29},"end":{"line":80,"column":null}},"line":74},"7":{"name":"(anonymous_7)","decl":{"start":{"line":76,"column":6},"end":{"line":76,"column":18}},"loc":{"start":{"line":76,"column":26},"end":{"line":76,"column":35}},"line":76},"8":{"name":"(anonymous_8)","decl":{"start":{"line":95,"column":14},"end":{"line":95,"column":25}},"loc":{"start":{"line":95,"column":31},"end":{"line":95,"column":58}},"line":95},"9":{"name":"(anonymous_9)","decl":{"start":{"line":168,"column":17},"end":{"line":168,"column":22}},"loc":{"start":{"line":169,"column":14},"end":{"line":182,"column":null}},"line":169},"10":{"name":"(anonymous_10)","decl":{"start":{"line":178,"column":16},"end":{"line":178,"column":31}},"loc":{"start":{"line":178,"column":31},"end":{"line":178,"column":46}},"line":178}},"branchMap":{"0":{"loc":{"start":{"line":16,"column":4},"end":{"line":16,"column":null}},"type":"if","locations":[{"start":{"line":16,"column":4},"end":{"line":16,"column":null}},{"start":{},"end":{}}],"line":16},"1":{"loc":{"start":{"line":30,"column":93},"end":{"line":30,"column":179}},"type":"cond-expr","locations":[{"start":{"line":30,"column":108},"end":{"line":30,"column":130}},{"start":{"line":30,"column":130},"end":{"line":30,"column":179}}],"line":30},"2":{"loc":{"start":{"line":30,"column":130},"end":{"line":30,"column":179}},"type":"cond-expr","locations":[{"start":{"line":30,"column":143},"end":{"line":30,"column":162}},{"start":{"line":30,"column":162},"end":{"line":30,"column":179}}],"line":30},"3":{"loc":{"start":{"line":31,"column":4},"end":{"line":43,"column":null}},"type":"if","locations":[{"start":{"line":31,"column":4},"end":{"line":43,"column":null}},{"start":{"line":41,"column":11},"end":{"line":43,"column":null}}],"line":31},"4":{"loc":{"start":{"line":62,"column":4},"end":{"line":64,"column":null}},"type":"if","locations":[{"start":{"line":62,"column":4},"end":{"line":64,"column":null}},{"start":{},"end":{}}],"line":62},"5":{"loc":{"start":{"line":69,"column":4},"end":{"line":69,"column":null}},"type":"if","locations":[{"start":{"line":69,"column":4},"end":{"line":69,"column":null}},{"start":{},"end":{}}],"line":69},"6":{"loc":{"start":{"line":71,"column":4},"end":{"line":71,"column":null}},"type":"if","locations":[{"start":{"line":71,"column":4},"end":{"line":71,"column":null}},{"start":{},"end":{}}],"line":71},"7":{"loc":{"start":{"line":75,"column":4},"end":{"line":80,"column":null}},"type":"if","locations":[{"start":{"line":75,"column":4},"end":{"line":80,"column":null}},{"start":{"line":78,"column":11},"end":{"line":80,"column":null}}],"line":75},"8":{"loc":{"start":{"line":83,"column":2},"end":{"line":101,"column":null}},"type":"if","locations":[{"start":{"line":83,"column":2},"end":{"line":101,"column":null}},{"start":{},"end":{}}],"line":83},"9":{"loc":{"start":{"line":105,"column":2},"end":{"line":153,"column":null}},"type":"if","locations":[{"start":{"line":105,"column":2},"end":{"line":153,"column":null}},{"start":{},"end":{}}],"line":105},"10":{"loc":{"start":{"line":106,"column":18},"end":{"line":106,"column":null}},"type":"cond-expr","locations":[{"start":{"line":106,"column":33},"end":{"line":106,"column":55}},{"start":{"line":106,"column":55},"end":{"line":106,"column":null}}],"line":106},"11":{"loc":{"start":{"line":106,"column":55},"end":{"line":106,"column":null}},"type":"cond-expr","locations":[{"start":{"line":106,"column":68},"end":{"line":106,"column":87}},{"start":{"line":106,"column":87},"end":{"line":106,"column":null}}],"line":106},"12":{"loc":{"start":{"line":106,"column":87},"end":{"line":106,"column":null}},"type":"cond-expr","locations":[{"start":{"line":106,"column":100},"end":{"line":106,"column":119}},{"start":{"line":106,"column":119},"end":{"line":106,"column":null}}],"line":106},"13":{"loc":{"start":{"line":112,"column":83},"end":{"line":112,"column":null}},"type":"cond-expr","locations":[{"start":{"line":112,"column":98},"end":{"line":112,"column":128}},{"start":{"line":112,"column":128},"end":{"line":112,"column":null}}],"line":112},"14":{"loc":{"start":{"line":112,"column":128},"end":{"line":112,"column":null}},"type":"cond-expr","locations":[{"start":{"line":112,"column":141},"end":{"line":112,"column":170}},{"start":{"line":112,"column":170},"end":{"line":112,"column":null}}],"line":112},"15":{"loc":{"start":{"line":172,"column":30},"end":{"line":172,"column":null}},"type":"cond-expr","locations":[{"start":{"line":172,"column":41},"end":{"line":172,"column":59}},{"start":{"line":172,"column":59},"end":{"line":172,"column":null}}],"line":172},"16":{"loc":{"start":{"line":174,"column":145},"end":{"line":176,"column":null}},"type":"cond-expr","locations":[{"start":{"line":175,"column":21},"end":{"line":175,"column":null}},{"start":{"line":176,"column":20},"end":{"line":176,"column":null}}],"line":174},"17":{"loc":{"start":{"line":175,"column":21},"end":{"line":175,"column":null}},"type":"cond-expr","locations":[{"start":{"line":175,"column":39},"end":{"line":175,"column":78}},{"start":{"line":175,"column":78},"end":{"line":175,"column":null}}],"line":175},"18":{"loc":{"start":{"line":177,"column":22},"end":{"line":177,"column":null}},"type":"binary-expr","locations":[{"start":{"line":177,"column":22},"end":{"line":177,"column":34}},{"start":{"line":177,"column":34},"end":{"line":177,"column":53}},{"start":{"line":177,"column":53},"end":{"line":177,"column":null}}],"line":177},"19":{"loc":{"start":{"line":187,"column":13},"end":{"line":198,"column":null}},"type":"binary-expr","locations":[{"start":{"line":187,"column":13},"end":{"line":187,"column":null}},{"start":{"line":188,"column":14},"end":{"line":198,"column":null}}],"line":187},"20":{"loc":{"start":{"line":189,"column":77},"end":{"line":189,"column":null}},"type":"cond-expr","locations":[{"start":{"line":189,"column":98},"end":{"line":189,"column":160}},{"start":{"line":189,"column":160},"end":{"line":189,"column":null}}],"line":189},"21":{"loc":{"start":{"line":191,"column":81},"end":{"line":191,"column":135}},"type":"cond-expr","locations":[{"start":{"line":191,"column":102},"end":{"line":191,"column":119}},{"start":{"line":191,"column":119},"end":{"line":191,"column":135}}],"line":191},"22":{"loc":{"start":{"line":192,"column":29},"end":{"line":192,"column":84}},"type":"cond-expr","locations":[{"start":{"line":192,"column":50},"end":{"line":192,"column":63}},{"start":{"line":192,"column":63},"end":{"line":192,"column":84}}],"line":192},"23":{"loc":{"start":{"line":197,"column":19},"end":{"line":197,"column":null}},"type":"cond-expr","locations":[{"start":{"line":197,"column":55},"end":{"line":197,"column":72}},{"start":{"line":197,"column":72},"end":{"line":197,"column":null}}],"line":197}},"s":{"0":1,"1":58,"2":58,"3":58,"4":58,"5":58,"6":58,"7":58,"8":58,"9":1,"10":0,"11":1,"12":1,"13":1,"14":1,"15":1,"16":58,"17":1,"18":1,"19":1,"20":1,"21":0,"22":0,"23":0,"24":58,"25":58,"26":5,"27":5,"28":5,"29":5,"30":58,"31":22,"32":0,"33":22,"34":22,"35":11,"36":11,"37":22,"38":58,"39":20,"40":18,"41":18,"42":18,"43":2,"44":2,"45":58,"46":11,"47":5,"48":47,"49":2,"50":2,"51":45,"52":45,"53":180,"54":22},"f":{"0":58,"1":1,"2":1,"3":5,"4":22,"5":11,"6":20,"7":18,"8":5,"9":180,"10":22},"b":{"0":[0,1],"1":[0,1],"2":[0,1],"3":[1,0],"4":[5,0],"5":[0,22],"6":[11,11],"7":[18,2],"8":[11,47],"9":[2,45],"10":[1,1],"11":[0,1],"12":[0,1],"13":[1,1],"14":[0,1],"15":[88,92],"16":[88,92],"17":[22,66],"18":[180,88,66],"19":[45,22],"20":[11,11],"21":[11,11],"22":[11,11],"23":[2,20]},"meta":{"lastBranch":24,"lastFunction":11,"lastStatement":55,"seen":{"s:6:6:204:Infinity":0,"f:6:6:6:19":0,"s:7:18:7:47":1,"s:8:19:8:46":2,"s:9:19:9:45":3,"s:10:16:10:39":4,"s:11:19:11:49":5,"s:12:19:12:48":6,"s:13:8:13:30":7,"s:15:25:26:Infinity":8,"f:15:25:15:37":1,"b:16:4:16:Infinity:undefined:undefined:undefined:undefined":0,"s:16:4:16:Infinity":9,"s:16:26:16:Infinity":10,"s:17:19:22:6":11,"s:23:17:23:44":12,"s:24:4:24:Infinity":13,"s:25:4:25:Infinity":14,"s:26:4:26:Infinity":15,"s:29:22:43:Infinity":16,"f:29:22:29:34":2,"s:30:17:30:Infinity":17,"b:30:108:30:130:30:130:30:179":1,"b:30:143:30:162:30:162:30:179":2,"b:31:4:43:Infinity:41:11:43:Infinity":3,"s:31:4:43:Infinity":18,"s:32:6:39:Infinity":19,"s:33:8:37:Infinity":20,"s:39:8:39:Infinity":21,"s:42:18:42:Infinity":22,"s:43:6:43:Infinity":23,"s:47:20:58:Infinity":24,"s:60:8:64:Infinity":25,"f:60:8:60:23":3,"s:61:4:61:Infinity":26,"b:62:4:64:Infinity:undefined:undefined:undefined:undefined":4,"s:62:4:64:Infinity":27,"s:63:6:63:Infinity":28,"s:64:6:64:Infinity":29,"s:68:8:72:Infinity":30,"f:68:8:68:24":4,"b:69:4:69:Infinity:undefined:undefined:undefined:undefined":5,"s:69:4:69:Infinity":31,"s:69:18:69:Infinity":32,"s:70:22:70:Infinity":33,"b:71:4:71:Infinity:undefined:undefined:undefined:undefined":6,"s:71:4:71:Infinity":34,"s:71:19:71:Infinity":35,"f:71:19:71:28":5,"s:71:36:71:45":36,"s:72:4:72:Infinity":37,"s:74:8:80:Infinity":38,"f:74:8:74:29":6,"b:75:4:80:Infinity:78:11:80:Infinity":7,"s:75:4:80:Infinity":39,"s:76:6:76:Infinity":40,"f:76:6:76:18":7,"s:76:26:76:35":41,"s:77:6:77:Infinity":42,"s:79:6:79:Infinity":43,"s:80:6:80:Infinity":44,"b:83:2:101:Infinity:undefined:undefined:undefined:undefined":8,"s:83:2:101:Infinity":45,"s:84:4:101:Infinity":46,"f:95:14:95:25":8,"s:95:31:95:58":47,"b:105:2:153:Infinity:undefined:undefined:undefined:undefined":9,"s:105:2:153:Infinity":48,"s:106:18:106:Infinity":49,"b:106:33:106:55:106:55:106:Infinity":10,"b:106:68:106:87:106:87:106:Infinity":11,"b:106:100:106:119:106:119:106:Infinity":12,"s:107:4:153:Infinity":50,"b:112:98:112:128:112:128:112:Infinity":13,"b:112:141:112:170:112:170:112:Infinity":14,"s:157:12:157:Infinity":51,"s:159:2:204:Infinity":52,"f:168:17:168:22":9,"s:169:14:182:Infinity":53,"b:172:41:172:59:172:59:172:Infinity":15,"b:175:21:175:Infinity:176:20:176:Infinity":16,"b:175:39:175:78:175:78:175:Infinity":17,"b:177:22:177:34:177:34:177:53:177:53:177:Infinity":18,"f:178:16:178:31":10,"s:178:31:178:46":54,"b:187:13:187:Infinity:188:14:198:Infinity":19,"b:189:98:189:160:189:160:189:Infinity":20,"b:191:102:191:119:191:119:191:135":21,"b:192:50:192:63:192:63:192:84":22,"b:197:55:197:72:197:72:197:Infinity":23}}}
,"C:\\Users\\guru6\\OneDrive\\Desktop\\VoteMithra-Intelligent-Election-Assistant\\src\\pages\\Timeline.jsx": {"path":"C:\\Users\\guru6\\OneDrive\\Desktop\\VoteMithra-Intelligent-Election-Assistant\\src\\pages\\Timeline.jsx","statementMap":{"0":{"start":{"line":6,"column":6},"end":{"line":53,"column":null}},"1":{"start":{"line":7,"column":12},"end":{"line":7,"column":34}},"2":{"start":{"line":8,"column":4},"end":{"line":10,"column":null}},"3":{"start":{"line":9,"column":8},"end":{"line":9,"column":null}},"4":{"start":{"line":12,"column":19},"end":{"line":19,"column":null}},"5":{"start":{"line":21,"column":4},"end":{"line":53,"column":null}},"6":{"start":{"line":39,"column":20},"end":{"line":51,"column":null}}},"fnMap":{"0":{"name":"(anonymous_0)","decl":{"start":{"line":6,"column":6},"end":{"line":6,"column":23}},"loc":{"start":{"line":6,"column":23},"end":{"line":53,"column":null}},"line":6},"1":{"name":"(anonymous_1)","decl":{"start":{"line":8,"column":4},"end":{"line":8,"column":20}},"loc":{"start":{"line":8,"column":20},"end":{"line":10,"column":9}},"line":8},"2":{"name":"(anonymous_2)","decl":{"start":{"line":38,"column":24},"end":{"line":38,"column":29}},"loc":{"start":{"line":39,"column":20},"end":{"line":51,"column":null}},"line":39}},"branchMap":{},"s":{"0":1,"1":3,"2":3,"3":3,"4":3,"5":3,"6":18},"f":{"0":3,"1":3,"2":18},"b":{},"meta":{"lastBranch":0,"lastFunction":3,"lastStatement":7,"seen":{"s:6:6:53:Infinity":0,"f:6:6:6:23":0,"s:7:12:7:34":1,"s:8:4:10:Infinity":2,"f:8:4:8:20":1,"s:9:8:9:Infinity":3,"s:12:19:19:Infinity":4,"s:21:4:53:Infinity":5,"f:38:24:38:29":2,"s:39:20:51:Infinity":6}}}
,"C:\\Users\\guru6\\OneDrive\\Desktop\\VoteMithra-Intelligent-Election-Assistant\\src\\utils\\analytics.js": {"path":"C:\\Users\\guru6\\OneDrive\\Desktop\\VoteMithra-Intelligent-Election-Assistant\\src\\utils\\analytics.js","statementMap":{"0":{"start":{"line":7,"column":23},"end":{"line":15,"column":1}},"1":{"start":{"line":18,"column":11},"end":{"line":18,"column":77}},"2":{"start":{"line":21,"column":16},"end":{"line":21,"column":20}},"3":{"start":{"line":22,"column":0},"end":{"line":30,"column":null}},"4":{"start":{"line":23,"column":2},"end":{"line":25,"column":null}},"5":{"start":{"line":24,"column":4},"end":{"line":24,"column":null}},"6":{"start":{"line":27,"column":2},"end":{"line":29,"column":null}},"7":{"start":{"line":28,"column":4},"end":{"line":28,"column":null}},"8":{"start":{"line":35,"column":30},"end":{"line":72,"column":1}},"9":{"start":{"line":36,"column":2},"end":{"line":36,"column":null}},"10":{"start":{"line":36,"column":18},"end":{"line":36,"column":null}},"11":{"start":{"line":39,"column":2},"end":{"line":52,"column":null}},"12":{"start":{"line":40,"column":4},"end":{"line":51,"column":null}},"13":{"start":{"line":41,"column":5},"end":{"line":46,"column":null}},"14":{"start":{"line":48,"column":6},"end":{"line":50,"column":null}},"15":{"start":{"line":49,"column":8},"end":{"line":49,"column":null}},"16":{"start":{"line":56,"column":16},"end":{"line":56,"column":53}},"17":{"start":{"line":57,"column":2},"end":{"line":71,"column":null}},"18":{"start":{"line":58,"column":4},"end":{"line":70,"column":null}},"19":{"start":{"line":76,"column":30},"end":{"line":76,"column":88}},"20":{"start":{"line":76,"column":44},"end":{"line":76,"column":88}},"21":{"start":{"line":77,"column":32},"end":{"line":77,"column":106}},"22":{"start":{"line":77,"column":53},"end":{"line":77,"column":106}},"23":{"start":{"line":78,"column":30},"end":{"line":78,"column":115}},"24":{"start":{"line":78,"column":57},"end":{"line":78,"column":115}},"25":{"start":{"line":79,"column":31},"end":{"line":79,"column":95}},"26":{"start":{"line":79,"column":45},"end":{"line":79,"column":95}},"27":{"start":{"line":80,"column":32},"end":{"line":80,"column":106}},"28":{"start":{"line":80,"column":48},"end":{"line":80,"column":106}},"29":{"start":{"line":81,"column":30},"end":{"line":81,"column":98}},"30":{"start":{"line":81,"column":44},"end":{"line":81,"column":98}},"31":{"start":{"line":82,"column":37},"end":{"line":82,"column":108}},"32":{"start":{"line":82,"column":49},"end":{"line":82,"column":108}},"33":{"start":{"line":83,"column":35},"end":{"line":83,"column":98}},"34":{"start":{"line":83,"column":49},"end":{"line":83,"column":98}},"35":{"start":{"line":84,"column":33},"end":{"line":84,"column":72}},"36":{"start":{"line":84,"column":39},"end":{"line":84,"column":72}},"37":{"start":{"line":89,"column":28},"end":{"line":89,"column":42}},"38":{"start":{"line":92,"column":32},"end":{"line":92,"column":48}},"39":{"start":{"line":95,"column":28},"end":{"line":95,"column":43}},"40":{"start":{"line":98,"column":35},"end":{"line":98,"column":56}},"41":{"start":{"line":101,"column":31},"end":{"line":101,"column":48}},"42":{"start":{"line":104,"column":33},"end":{"line":104,"column":52}},"43":{"start":{"line":107,"column":28},"end":{"line":110,"column":1}},"44":{"start":{"line":108,"column":2},"end":{"line":109,"column":null}},"45":{"start":{"line":108,"column":28},"end":{"line":108,"column":null}},"46":{"start":{"line":109,"column":7},"end":{"line":109,"column":null}}},"fnMap":{"0":{"name":"(anonymous_0)","decl":{"start":{"line":22,"column":19},"end":{"line":22,"column":28}},"loc":{"start":{"line":22,"column":32},"end":{"line":26,"column":1}},"line":22},"1":{"name":"(anonymous_1)","decl":{"start":{"line":26,"column":9},"end":{"line":26,"column":12}},"loc":{"start":{"line":26,"column":16},"end":{"line":30,"column":1}},"line":26},"2":{"name":"(anonymous_2)","decl":{"start":{"line":35,"column":30},"end":{"line":35,"column":31}},"loc":{"start":{"line":35,"column":62},"end":{"line":72,"column":1}},"line":35},"3":{"name":"(anonymous_3)","decl":{"start":{"line":70,"column":13},"end":{"line":70,"column":14}},"loc":{"start":{"line":70,"column":19},"end":{"line":70,"column":54}},"line":70},"4":{"name":"(anonymous_4)","decl":{"start":{"line":76,"column":30},"end":{"line":76,"column":31}},"loc":{"start":{"line":76,"column":44},"end":{"line":76,"column":88}},"line":76},"5":{"name":"(anonymous_5)","decl":{"start":{"line":77,
[...]
,"C:\\Users\\guru6\\OneDrive\\Desktop\\VoteMithra-Intelligent-Election-Assistant\\src\\utils\\gemini.js": {"path":"C:\\Users\\guru6\\OneDrive\\Desktop\\VoteMithra-Intelligent-Election-Assistant\\src\\utils\\gemini.js","statementMap":{"0":{"start":{"line":6,"column":65},"end":{"line":6,"column":80}},"1":{"start":{"line":6,"column":81},"end":{"line":6,"column":108}},"2":{"start":{"line":7,"column":67},"end":{"line":7,"column":82}},"3":{"start":{"line":7,"column":83},"end":{"line":7,"column":112}},"4":{"start":{"line":8,"column":61},"end":{"line":8,"column":76}},"5":{"start":{"line":8,"column":77},"end":{"line":8,"column":100}},"6":{"start":{"line":12,"column":15},"end":{"line":12,"column":50}},"7":{"start":{"line":14,"column":0},"end":{"line":22,"column":null}},"8":{"start":{"line":15,"column":2},"end":{"line":19,"column":null}},"9":{"start":{"line":16,"column":4},"end":{"line":16,"column":null}},"10":{"start":{"line":18,"column":4},"end":{"line":18,"column":null}},"11":{"start":{"line":21,"column":2},"end":{"line":21,"column":null}},"12":{"start":{"line":25,"column":20},"end":{"line":25,"column":85}},"13":{"start":{"line":26,"column":24},"end":{"line":26,"column":89}},"14":{"start":{"line":28,"column":21},"end":{"line":32,"column":46}},"15":{"start":{"line":29,"column":2},"end":{"line":32,"column":46}},"16":{"start":{"line":38,"column":27},"end":{"line":100,"column":1}},"17":{"start":{"line":39,"column":2},"end":{"line":39,"column":null}},"18":{"start":{"line":39,"column":33},"end":{"line":39,"column":null}},"19":{"start":{"line":41,"column":2},"end":{"line":43,"column":null}},"20":{"start":{"line":42,"column":4},"end":{"line":42,"column":null}},"21":{"start":{"line":47,"column":27},"end":{"line":55,"column":10}},"22":{"start":{"line":48,"column":17},"end":{"line":51,"column":5}},"23":{"start":{"line":53,"column":6},"end":{"line":53,"column":null}},"24":{"start":{"line":53,"column":51},"end":{"line":53,"column":null}},"25":{"start":{"line":54,"column":6},"end":{"line":54,"column":null}},"26":{"start":{"line":59,"column":2},"end":{"line":97,"column":null}},"27":{"start":{"line":60,"column":4},"end":{"line":96,"column":null}},"28":{"start":{"line":61,"column":20},"end":{"line":66,"column":8}},"29":{"start":{"line":68,"column":19},"end":{"line":68,"column":65}},"30":{"start":{"line":69,"column":21},"end":{"line":69,"column":51}},"31":{"start":{"line":70,"column":23},"end":{"line":70,"column":44}},"32":{"start":{"line":71,"column":6},"end":{"line":71,"column":null}},"33":{"start":{"line":74,"column":6},"end":{"line":74,"column":null}},"34":{"start":{"line":75,"column":6},"end":{"line":75,"column":null}},"35":{"start":{"line":78,"column":6},"end":{"line":81,"column":null}},"36":{"start":{"line":79,"column":8},"end":{"line":79,"column":null}},"37":{"start":{"line":80,"column":8},"end":{"line":80,"column":null}},"38":{"start":{"line":84,"column":6},"end":{"line":90,"column":null}},"39":{"start":{"line":88,"column":8},"end":{"line":88,"column":null}},"40":{"start":{"line":88,"column":31},"end":{"line":88,"column":50}},"41":{"start":{"line":89,"column":8},"end":{"line":89,"column":null}},"42":{"start":{"line":92,"column":6},"end":{"line":92,"column":null}},"43":{"start":{"line":92,"column":42},"end":{"line":92,"column":null}},"44":{"start":{"line":93,"column":6},"end":{"line":93,"column":null}},"45":{"start":{"line":93,"column":46},"end":{"line":93,"column":null}},"46":{"start":{"line":95,"column":6},"end":{"line":95,"column":null}},"47":{"start":{"line":99,"column":2},"end":{"line":99,"column":null}},"48":{"start":{"line":105,"column":35},"end":{"line":159,"column":1}},"49":{"start":{"line":106,"column":2},"end":{"line":106,"column":null}},"50":{"start":{"line":106,"column":33},"end":{"line":106,"column":null}},"51":{"start":{"line":108,"column":2},"end":{"line":108,"column":null}},"52":{"start":{"line":108,"column":14},"end":{"line":108,"column":null}},"53":{"start":{"line":110,"column":17},"end":{"line":119,"column":27}},"54":{"start":{"line":121,"column":2},"end":{"line":151,"column":null}},"55":{"start":{"line":122,"column":4},"end":{"line":150,"column":null}},"56":{"start":{"line":123,"column":20},"end":{"line":123,"column":66}},"57":{"start":{"line":124,"column":21},"end":{"line":124,"column":56}},"58":{"start":{"line":125,"column":23},"end":{"line":125,"column":44}},"59":{"start":{"line":127,"column":25},"end":{"line":127,"column":47}},"60":{"start":{"line":129,"column":6},"end":{"line":129,"column":null}},"61":{"start":{"line":131,"column":6},"end":{"line":131,"column":null}},"62":{"start":{"line":134,"column":6},"end":{"line":134,"column":null}},"63":{"start":{"line":137,"column":6},"end":{"line":140,"column":null}},"64":{"start":{"line":138,"column":8},"end":{"line":138,"column":null}},"65":{"start":{"line":139,"column":8},"end":{"line":139,"column":null}},"66":{"start":{"line":143,"column":6},"end":{"line":149,"column":null}},"67":{"start":{"line":144,"column":8},"end":{"line":148,"column":null}},"68":{"start":{"line":154,"column":2},"end":{"line":158,"column":null}}},"fnMap":{"0":{"name":"(anonymous_0)","decl":{"start":{"line":6,"column":42},"end":{"line":6,"column":53}},"loc":{"start":{"line":6,"column":63},"end":{"line":6,"column":110}},"line":6},"1":{"name":"(anonymous_1)","decl":{"start":{"line":7,"column":44},"end":{"line":7,"column":55}},"loc":{"start":{"line":7,"column":65},"end":{"line":7,"column":114}},"line":7},"2":{"name":"(anonymous_2)","decl":{"start":{"line":8,"column":38},"end":{"line":8,"column":49}},"loc":{"start":{"line":8,"column":59},"end":{"line":8,"column":102}},"line":8},"3":{"name":"(anonymous_3)","decl":{"start":{"line":28,"column":21},"end":{"line":28,"column":22}},"loc":{"start":{"line":29,"column":2},"end":{"line":32,"column":46}},"line":29},"4":{"name":"(anonymous_4)","decl":{"start":{"line":38,"column":27},"end":{"line":38,"column":32}},"loc":{"start":{"line":38,"column":106},"end":{"line":100,"column":1}},"line":38},"5":{"name":"(anonymous_5)","decl":{"start":{"line":48,"column":9},"end":{"line":48,"column":12}},"loc":{"start":{"line":48,"column":17},"end":{"line":51,"column":5}},"line":48},"6":{"name":"(anonymous_6)","decl":{"start":{"line":52,"column":12},"end":{"line":52,"column":13}},"loc":{"start":{"line":52,"column":26},"end":{"line":55,"column":5}},"line":52},"7":{"name":"(anonymous_7)","decl":{"start":{"line":88,"column":26},"end":{"line":88,"column":27}},"loc":{"start":{"line":88,"column":31},"end":{"line":88,"column":50}},"line":88},"8":{"name":"(anonymous_8)","decl":{"start":{"line":105,"column":35},"end":{"line":105,"column":40}},"loc":{"start":{"line":105,"column":51},"end":{"line":159,"column":1}},"line":105}},"branchMap":{"0":{"loc":{"start":{"line":15,"column":2},"end":{"line":19,"column":null}},"type":"if","locations":[{"start":{"line":15,"column":2},"end":{"line":19,"column":null}},{"start":{"line":17,"column":9},"end":{"line":19,"column":null}}],"line":15},"1":{"loc":{"start":{"line":15,"column":6},"end":{"line":15,"column":49}},"type":"binary-expr","locations":[{"start":{"line":15,"column":6},"end":{"line":15,"column":13}},{"start":{"line":15,"column":17},"end":{"line":15,"column":49}}],"line":15},"2":{"loc":{"start":{"line":29,"column":2},"end":{"line":32,"column":46}},"type":"binary-expr","locations":[{"start":{"line":29,"column":2},"end":{"line":29,"column":30}},{"start":{"line":30,"column":2},"end":{"line":30,"column":37}},{"start":{"line":31,"column":2},"end":{"line":31,"column":38}},{"start":{"line":32,"column":2},"end":{"line":32,"column":46}}],"line":29},"3":{"loc":{"start":{"line":38,"column":52},"end":{"line":38,"column":64}},"type":"default-arg","locations":[{"start":{"line":38,"column":62},"end":{"line":38,"column":64}}],"line":38},"4":{"loc":{"start":{"line":38,"column":66},"end":{"line":38,"column":88}},"type":"default-arg","locations":[{"start":{"line":38,"column":86},"end":{"line":38,"column":88}}],"line":38},"5":{"loc":{"start":{"line":38,"column":90},"end":{"line":38,"column":101}},"type":"default-arg","locations":[{"start":{"line":38,"column":100},"end":{"line":38,"column":101}}],"line":38},"6":{"loc":{"start":{"line":39,"column":2},"end":{"line":39,"column":null}},"type":"if","locations":[{"start":{"line":39,"column":2},"end":{"line":39,"column":null}},{"start":{},"end":{}}],"line":39},"7":{"loc":{"start":{"line":39,"column":6},"end":{"line":39,"column":31}},"type":"binary-expr","locations":[{"start":{"line":39,"column":6},"end":{"line":39,"column":13}},{"start":{"line":39,"column":17},"end":{"line":39,"column":31}}],"line":39},"8":{"loc":{"start":{"line":41,"column":2},"end":{"line":43,"column":null}},"type":"if","locations":[{"start":{"line":41,"column":2},"end":{"line":43,"column":null}},{"start":{},"end":{}}],"line":41},"9":{"loc":{"start":{"line":49,"column":12},"end":{"line":49,"column":51}},"type":"cond-expr","locations":[{"start":{"line":49,"column":35},"end":{"line":49,"column":42}},{"start":{"line":49,"column":45},"end":{"line":49,"column":51}}],"line":49},"10":{"loc":{"start":{"line":53,"column":6},"end":{"line":53,"column":null}},"type":"if","locations":[{"start":{"line":53,"column":6},"end":{"line":53,"column":null}},{"start":{},"end":{}}],"line":53},"11":{"loc":{"start":{"line":53,"column":10},"end":{"line":53,"column":49}},"type":"binary-expr","locations":[{"start":{"line":53,"column":10},"end":{"line":53,"column":26}},{"start":{"line":53,"column":30},"end":{"line":53,"column":49}}],"line":53},"12":{"loc":{"start":{"line":63,"column":27},"end":{"line":65,"column":null}},"type":"cond-expr","locations":[{"start":{"line":64,"column":12},"end":{"line":64,"column":null}},{"start":{"line":65,"column":12},"end":{"line":65,"column":null}}],"line":63},"13":{"loc":{"start":{"line":78,"column":6},"end":{"line":81,"column":null}},"type":"if","locations":[{"start":{"line":78,"column":6},"end":{"line":81,"column":null}},{"start":{},"end":{}}],"line":78},"14":{"loc":{"start":{"line":78,"column":10},"end":{"line":78,"column":82}},"type":"binary-expr","locations":[{"start":{"line":78,"column":10},"end":{"line":78,"column":29}},{"start":{"line":78,"column":33},"end":{"line":78,"column":82}}],"line":78},"15":{"loc":{"start":{"line":84,"column":6},"end":{"line":90,"column":null}},"type":"if","locations":[{"start":{"line":84,"column":6},"end":{"line":90,"column":null}},{"start":{},"end":{}}],"line":84},"16":{"loc":{"start":{"line":84,"column":10},"end":{"line":87,"column":7}},"type":"binary-expr","locations":[{"start":{"line":84,"column":10},"end":{"line":84,"column":21}},{"start":{"line":85,"column":8},"end":{"line":85,"column":38}},{"start":{"line":86,"column":8},"end":{"line":86,"column":null}}],"line":84},"17":{"loc":{"start":{"line":92,"column":6},"end":{"line":92,"column":null}},"type":"if","locations":[{"start":{"line":92,"column":6},"end":{"line":92,"column":null}},{"start":{},"end":{}}],"line":92},"18":{"loc":{"start":{"line":93,"column":6},"end":{"line":93,"column":null}},"type":"if","locations":[{"start":{"line":93,"column":6},"end":{"line":93,"column":null}},{"start":{},"end":{}}],"line":93},"19":{"loc":{"start":{"line":95,"column":25},"end":{"line":95,"column":73}},"type":"binary-expr","locations":[{"start":{"line":95,"column":25},"end":{"line":95,"column":38}},{"start":{"line":95,"column":42},"end":{"line":95,"column":73}}],"line":95},"20":{"loc":{"start":{"line":106,"column":2},"end":{"line":106,"column":null}},"type":"if","locations":[{"start":{"line":106,"column":2},"end":{"line":106,"column":null}},{"start":{},"end":{}}],"line":106},"21":{"loc":{"start":{"line":106,"column":6},"end":{"line":106,"column":31}},"type":"binary-expr","locations":[{"start":{"line":106,"column":6},"end":{"line":106,"column":11}},{"start":{"line":106,"column":15},"end":{"line":106,"column":31}}],"line":106},"22":{"loc":{"start":{"line":108,"column":2},"end":{"line":108,"column":null}},"type":"if","locations":[{"start":{"line":108,"column":2},"end":{"line":108,"column":null}},{"start":{},"end":{}}],"line":108},"23":{"loc":{"start":{"line":137,"column":6},"end":{"line":140,"column":null}},"type":"if","locations":[{"start":{"line":137,"column":6},"end":{"line":140,"column":null}},{"start":{},"end":{}}],"line":137},"24":{"loc":{"start":{"line":137,"column":10},"end":{"line":137,"column":90}},"type":"binary-expr","locations":[{"start":{"line":137,"column":10},"end":{"line":137,"column":29}},{"start":{"line":137,"column":33},"end":{"line":137,"column":90}}],"line":137},"25":{"loc":{"start":{"line":143,"column":6},"end":{"line":149,"column":null}},"type":"if","locations":[{"start":{"line":143,"column":6},"end":{"line":149,"column":null}},{"start":{},"end":{}}],"line":143}},"s":{"0":0,"1":0,"2":0,"3":0,"4":0,"5":0,"6":1,"7":1,"8":1,"9":0,"10":1,"11":1,"12":1,"13":1,"14":1,"15":0,"16":1,"17":0,"18":0,"19":0,"20":0,"21":0,"22":0,"23":0,"24":0,"25":0,"26":0,"27":0,"28":0,"29":0,"30":0,"31":0,"32":0,"33":0,"34":0,"35":0,"36":0,"37":0,"38":0,"39":0,"40":0,"41":0,"42":0,"43":0,"44":0,"45":0,"46":0,"47":0,"48":1,"49":0,"50":0,"51":0,"52":0,"53":0,"54":0,"55":0,"56":0,"57":0,"58":0,"59":0,"60":0,"61":0,"62":0,"63":0,"64":0,"65":0,"66":0,"67":0,"68":0},"f":{"0":0,"1":0,"2":0,"3":0,"4":0,"5":0,"6":0,"7":0,"8":0},"b":{"0":[0,1],"1":[1,1],"2":[0,0,0,0],"3":[0],"4":[0],"5":[0],"6":[0,0],"7":[0,0],"8":[0,0],"9":[0,0],"10":[0,0],"11":[0,0],"12":[0,0],"13":[0,0],"14":[0,0],"15":[0,0],"16":[0,0,0],"17":[0,0],"18":[0,0],"19":[0,0],"20":[0,0],"21":[0,0],"22":[0,0],"23":[0,0],"24":[0,0],"25":[0,0]},"meta":{"lastBranch":26,"lastFunction":9,"lastStatement":69,"seen":{"f:6:42:6:53":0,"s:6:65:6:80":0,"s:6:81:6:108":1,"f:7:44:7:55":1,"s:7:67:7:82":2,"s:7:83:7:112":3,"f:8:38:8:49":2,"s:8:61:8:76":4,"s:8:77:8:100":5,"s:12:15:12:50":6,"s:14:0:22:Infinity":7,"b:15:2:19:Infinity:17:9:19:Infinity":0,"s:15:2:19:Infinity":8,"b:15:6:15:13:15:17:15:49":1,"s:16:4:16:Infinity":9,"s:18:4:18:Infinity":10,"s:21:2:21:Infinity":11,"s:25:20:25:85":12,"s:26:24:26:89":13,"s:28:21:32:46":14,"f:28:21:28:22":3,"s:29:2:32:46":15,"b:29:2:29:30:30:2:30:37:31:2:31:38:32:2:32:46":2,"s:38:27:100:1":16,"f:38:27:38:32":4,"b:38:62:38:64":3,"b:38:86:38:88":4,"b:38:100:38:101":5,"b:39:2:39:Infinity:undefined:undefined:undefined:undefined":6,"s:39:2:39:Infinity":17,"b:39:6:39:13:39:17:39:31":7,"s:39:33:39:Infinity":18,"b:41:2:43:Infinity:undefined:undefined:undefined:undefined":8,"s:41:2:43:Infinity":19,"s:42:4:42:Infinity":20,"s:47:27:55:10":21,"f:48:9:48:12":5,"s:48:17:51:5":22,"b:49:35:49:42:49:45:49:51":9,"f:52:12:52:13":6,"b:53:6:53:Infinity:undefined:undefined:undefined:undefined":10,"s:53:6:53:Infinity":23,"b:53:10:53:26:53:30:53:49":11,"s:53:51:53:Infinity":24,"s:54:6:54:Infinity":25,"s:59:2:97:Infinity":26,"s:60:4:96:Infinity":27,"s:61:20:66:8":28,"b:64:12:64:Infinity:65:12:65:Infinity":12,"s:68:19:68:65":29,"s:69:21:69:51":30,"s:70:23:70:44":31,"s:71:6:71:Infinity":32,"s:74:6:74:Infinity":33,"s:75:6:75:Infinity":34,"b:78:6:81:Infinity:undefined:undefined:undefined:undefined":13,"s:78:6:81:Infinity":35,"b:78:10:78:29:78:33:78:82":14,"s:79:8:79:Infinity":36,"s:80:8:80:Infinity":37,"b:84:6:90:Infinity:undefined:undefined:undefined:undefined":15,"s:84:6:90:Infinity":38,"b:84:10:84:21:85:8:85:38:86:8:86:Infinity":16,"s:88:8:88:Infinity":39,"f:88:26:88:27":7,"s:88:31:88:50":40,"s:89:8:89:Infinity":41,"b:92:6:92:Infinity:undefined:undefined:undefined:undefined":17,"s:92:6:92:Infinity":42,"s:92:42:92:Infinity":43,"b:93:6:93:Infinity:undefined:undefined:undefined:undefined":18,"s:93:6:93:Infinity":44,"s:93:46:93:Infinity":45,"s:95:6:95:Infinity":46,"b:95:25:95:38:95:42:95:73":19,"s:99:2:99:Infinity":47,"s:105:35:159:1":48,"f:105:35:105:40":8,"b:106:2:106:Infinity:undefined:undefined:undefined:undefined":20,"s:106:2:106:Infinity":49,"b:106:6:106:11:106:15:106:31":21,"s:106:33:106:Infinity":50,"b:108:2:108:Infinity:undefined:undefined:undefined:undefined":22,"s:108:2:108:Infinity":51,"s:108:14:108:Infinity":52,"s:110:17:119:27":53,"s:121:2:151:Infinity":54,"s:122:4:150:Infinity":55,"s:123:20:123:66":56,"s:124:21:124:56":57,"s:125:23:125:44":58,"s:127:25:127:47":59,"s:129:6:129:Infinity":60,"s:131:6:131:Infinity":61,"s:134:6:134:Infinity":62,"b:137:6:140:Infinity:undefined:undefined:undefined:undefined":23,"s:137:6:140:Infinity":63,"b:137:10:137:29:137:33:137:90":24,"s:138:8:138:Infinity":64,"s:139:8:139:Infinity":65,"b:143:6:149:Infinity:undefined:undefined:undefined:undefined":25,"s:143:6:149:Infinity":66,"s:144:8:148:Infinity":67,"s:154:2:158:Infinity":68}}}
,"C:\\Users\\guru6\\OneDrive\\Desktop\\VoteMithra-Intelligent-Election-Assistant\\src\\utils\\sanitize.js": {"path":"C:\\Users\\guru6\\OneDrive\\Desktop\\VoteMithra-Intelligent-Election-Assistant\\src\\utils\\sanitize.js","statementMap":{"0":{"start":{"line":8,"column":29},"end":{"line":15,"column":1}},"1":{"start":{"line":9,"column":2},"end":{"line":9,"column":null}},"2":{"start":{"line":9,"column":13},"end":{"line":9,"column":null}},"3":{"start":{"line":11,"column":14},"end":{"line":11,"column":64}},"4":{"start":{"line":12,"column":20},"end":{"line":12,"column":46}},"5":{"start":{"line":14,"column":2},"end":{"line":14,"column":null}},"6":{"start":{"line":22,"column":28},"end":{"line":28,"column":1}},"7":{"start":{"line":23,"column":2},"end":{"line":23,"column":null}},"8":{"start":{"line":23,"column":13},"end":{"line":23,"column":null}},"9":{"start":{"line":24,"column":2},"end":{"line":27,"column":null}},"10":{"start":{"line":33,"column":30},"end":{"line":35,"column":2}},"11":{"start":{"line":33,"column":41},"end":{"line":35,"column":1}}},"fnMap":{"0":{"name":"(anonymous_0)","decl":{"start":{"line":8,"column":29},"end":{"line":8,"column":30}},"loc":{"start":{"line":8,"column":39},"end":{"line":15,"column":1}},"line":8},"1":{"name":"(anonymous_1)","decl":{"start":{"line":22,"column":28},"end":{"line":22,"column":29}},"loc":{"start":{"line":22,"column":38},"end":{"line":28,"column":1}},"line":22},"2":{"name":"(anonymous_2)","decl":{"start":{"line":33,"column":30},"end":{"line":33,"column":31}},"loc":{"start":{"line":33,"column":41},"end":{"line":35,"column":1}},"line":33}},"branchMap":{"0":{"loc":{"start":{"line":9,"column":2},"end":{"line":9,"column":null}},"type":"if","locations":[{"start":{"line":9,"column":2},"end":{"line":9,"column":null}},{"start":{},"end":{}}],"line":9},"1":{"loc":{"start":{"line":12,"column":20},"end":{"line":12,"column":46}},"type":"binary-expr","locations":[{"start":{"line":12,"column":20},"end":{"line":12,"column":40}},{"start":{"line":12,"column":44},"end":{"line":12,"column":46}}],"line":12},"2":{"loc":{"start":{"line":23,"column":2},"end":{"line":23,"column":null}},"type":"if","locations":[{"start":{"line":23,"column":2},"end":{"line":23,"column":null}},{"start":{},"end":{}}],"line":23}},"s":{"0":1,"1":4,"2":3,"3":1,"4":1,"5":4,"6":1,"7":5,"8":3,"9":2,"10":1,"11":1},"f":{"0":4,"1":5,"2":1},"b":{"0":[3,1],"1":[1,0],"2":[3,2]},"meta":{"lastBranch":3,"lastFunction":3,"lastStatement":12,"seen":{"s:8:29:15:1":0,"f:8:29:8:30":0,"b:9:2:9:Infinity:undefined:undefined:undefined:undefined":0,"s:9:2:9:Infinity":1,"s:9:13:9:Infinity":2,"s:11:14:11:64":3,"s:12:20:12:46":4,"b:12:20:12:40:12:44:12:46":1,"s:14:2:14:Infinity":5,"s:22:28:28:1":6,"f:22:28:22:29":1,"b:23:2:23:Infinity:undefined:undefined:undefined:undefined":2,"s:23:2:23:Infinity":7,"s:23:13:23:Infinity":8,"s:24:2:27:Infinity":9,"s:33:30:35:2":10,"f:33:30:33:31":2,"s:33:41:35:1":11}}}
}
