{"total": {"lines":{"total":344,"covered":277,"skipped":0,"pct":80.52},"statements":{"total":393,"covered":302,"skipped":0,"pct":76.84},"functions":{"total":96,"covered":78,"skipped":0,"pct":81.25},"branches":{"total":287,"covered":190,"skipped":0,"pct":66.2},"branchesTrue":{"total":0,"covered":0,"skipped":0,"pct":100}}
,"C:\\Users\\guru6\\OneDrive\\Desktop\\VoteMithra-Intelligent-Election-Assistant\\src\\components\\Chatbot.jsx": {"lines":{"total":49,"covered":48,"skipped":0,"pct":97.95},"functions":{"total":16,"covered":16,"skipped":0,"pct":100},"statements":{"total":52,"covered":51,"skipped":0,"pct":98.07},"branches":{"total":36,"covered":31,"skipped":0,"pct":86.11}}
,"C:\\Users\\guru6\\OneDrive\\Desktop\\VoteMithra-Intelligent-Election-Assistant\\src\\components\\LanguageSwitcher.jsx": {"lines":{"total":11,"covered":11,"skipped":0,"pct":100},"functions":{"total":3,"covered":3,"skipped":0,"pct":100},"statements":{"total":11,"covered":11,"skipped":0,"pct":100},"branches":{"total":0,"covered":0,"skipped":0,"pct":100}}
,"C:\\Users\\guru6\\OneDrive\\Desktop\\VoteMithra-Intelligent-Election-Assistant\\src\\components\\ProgressBar.jsx": {"lines":{"total":2,"covered":2,"skipped":0,"pct":100},"functions":{"total":1,"covered":1,"skipped":0,"pct":100},"statements":{"total":2,"covered":2,"skipped":0,"pct":100},"branches":{"total":0,"covered":0,"skipped":0,"pct":100}}
,"C:\\Users\\guru6\\OneDrive\\Desktop\\VoteMithra-Intelligent-Election-Assistant\\src\\pages\\EVMSimulator.jsx": {"lines":{"total":33,"covered":32,"skipped":0,"pct":96.96},"functions":{"total":13,"covered":12,"skipped":0,"pct":92.3},"statements":{"total":37,"covered":35,"skipped":0,"pct":94.59},"branches":{"total":38,"covered":33,"skipped":0,"pct":86.84}}
,"C:\\Users\\guru6\\OneDrive\\Desktop\\VoteMithra-Intelligent-Election-Assistant\\src\\pages\\Eligibility.jsx": {"lines":{"total":31,"covered":29,"skipped":0,"pct":93.54},"functions":{"total":7,"covered":6,"skipped":0,"pct":85.71},"statements":{"total":32,"covered":29,"skipped":0,"pct":90.62},"branches":{"total":31,"covered":28,"skipped":0,"pct":90.32}}
,"C:\\Users\\guru6\\OneDrive\\Desktop\\VoteMithra-Intelligent-Election-Assistant\\src\\pages\\FakeNews.jsx": {"lines":{"total":57,"covered":52,"skipped":0,"pct":91.22},"functions":{"total":16,"covered":13,"skipped":0,"pct":81.25},"statements":{"total":69,"covered":57,"skipped":0,"pct":82.6},"branches":{"total":58,"covered":40,"skipped":0,"pct":68.96}}
,"C:\\Users\\guru6\\OneDrive\\Desktop\\VoteMithra-Intelligent-Election-Assistant\\src\\pages\\Quiz.jsx": {"lines":{"total":50,"covered":47,"skipped":0,"pct":94},"functions":{"total":11,"covered":11,"skipped":0,"pct":100},"statements":{"total":55,"covered":50,"skipped":0,"pct":90.9},"branches":{"total":49,"covered":40,"skipped":0,"pct":81.63}}
,"C:\\Users\\guru6\\OneDrive\\Desktop\\VoteMithra-Intelligent-Election-Assistant\\src\\pages\\Timeline.jsx": {"lines":{"total":7,"covered":7,"skipped":0,"pct":100},"functions":{"total":3,"covered":3,"skipped":0,"pct":100},"statements":{"total":7,"covered":7,"skipped":0,"pct":100},"branches":{"total":0,"covered":0,"skipped":0,"pct":100}}
,"C:\\Users\\guru6\\OneDrive\\Desktop\\VoteMithra-Intelligent-Election-Assistant\\src\\utils\\analytics.js": {"lines":{"total":36,"covered":30,"skipped":0,"pct":83.33},"functions":{"total":14,"covered":10,"skipped":0,"pct":71.42},"statements":{"total":47,"covered":38,"skipped":0,"pct":80.85},"branches":{"total":17,"covered":10,"skipped":0,"pct":58.82}}
,"C:\\Users\\guru6\\OneDrive\\Desktop\\VoteMithra-Intelligent-Election-Assistant\\src\\utils\\gemini.js": {"lines":{"total":59,"covered":10,"skipped":0,"pct":16.94},"functions":{"total":9,"covered":0,"skipped":0,"pct":0},"statements":{"total":69,"covered":10,"skipped":0,"pct":14.49},"branches":{"total":52,"covered":3,"skipped":0,"pct":5.76}}
,"C:\\Users\\guru6\\OneDrive\\Desktop\\VoteMithra-Intelligent-Election-Assistant\\src\\utils\\sanitize.js": {"lines":{"total":9,"covered":9,"skipped":0,"pct":100},"functions":{"total":3,"covered":3,"skipped":0,"pct":100},"statements":{"total":12,"covered":12,"skipped":0,"pct":100},"branches":{"total":6,"covered":5,"skipped":0,"pct":83.33}}
}
